# project ns (3.18) configured on Thu Sep 11 15:11:37 2025 by
# waf 1.7.11 (abi 98, python 20712f0 on linux2)
# using ./waf configure
#
----------------------------------------
Setting top to
/data/ssd1/yudongyang/xiaodiwang/High-Precision-Congestion-Control/simulation
----------------------------------------
Setting out to
/data/ssd1/yudongyang/xiaodiwang/High-Precision-Congestion-Control/simulation/build
----------------------------------------
Checking for 'gcc' (c compiler)
find program=['gcc', 'cc'] paths='' var='CC' -> '/data/ssd1/yudongyang/software/anaconda3/envs/py27/bin/x86_64-conda_cos6-linux-gnu-cc'
find program=['ar'] paths='' var='AR' -> '/data/ssd1/yudongyang/software/anaconda3/envs/py27/bin/x86_64-conda_cos6-linux-gnu-ar'
/data/ssd1/yudongyang/software/anaconda3/envs/py27/bin/x86_64-conda_cos6-linux-gnu-cc
----------------------------------------
Checking for 'g++' (c++ compiler)
find program=['g++', 'c++'] paths='' var='CXX' -> '/data/ssd1/yudongyang/software/anaconda3/envs/py27/bin/x86_64-conda_cos6-linux-gnu-c++'
(tool ar is already loaded, skipping)
/data/ssd1/yudongyang/software/anaconda3/envs/py27/bin/x86_64-conda_cos6-linux-gnu-c++
---------------------------------------------------------
Checking for compilation flag -Wl,--soname=foo... support
==>
#include <stdio.h>
int main() { return 0; }

<==
[1/2] [32mcxx: build/.conf_check_fe0ca542f39064c5a14ee41a2e983996/test.cc -> build/.conf_check_fe0ca542f39064c5a14ee41a2e983996/testbuild/test.cc.1.o
[0m
['/data/ssd1/yudongyang/software/anaconda3/envs/py27/bin/x86_64-conda_cos6-linux-gnu-c++', '-DNDEBUG', '-D_FORTIFY_SOURCE=2', '-O2', '-fvisibility-inlines-hidden', '-std=c++11', '-fmessage-length=0', '-march=nocona', '-mtune=haswell', '-ftree-vectorize', '-fPIC', '-fstack-protector-strong', '-O2', '-pipe', '-Wl,--soname=foo', '-DNS3_ASSERT_ENABLE', '-DNS3_LOG_ENABLE', '../test.cc', '-c', '-o', 'test.cc.1.o']
[2/2] [33mcxxprogram: build/.conf_check_fe0ca542f39064c5a14ee41a2e983996/testbuild/test.cc.1.o -> build/.conf_check_fe0ca542f39064c5a14ee41a2e983996/testbuild/testprog
[0m
['/data/ssd1/yudongyang/software/anaconda3/envs/py27/bin/x86_64-conda_cos6-linux-gnu-c++', '-Wl,-O2', '-Wl,--sort-common', '-Wl,--as-needed', '-Wl,-z,relro', '-Wl,-z,now', '-Wl,-O2', '-Wl,--sort-common', '-Wl,--as-needed', '-Wl,-z,relro', '-Wl,-z,now', 'test.cc.1.o', '-o', '/data/ssd1/yudongyang/xiaodiwang/High-Precision-Congestion-Control/simulation/build/.conf_check_fe0ca542f39064c5a14ee41a2e983996/testbuild/testprog', '-Wl,-Bstatic', '-Wl,-Bdynamic']
ok
---------------------------------------------------------
Checking for program python
/data/ssd1/yudongyang/software/anaconda3/envs/py27/bin/python
find program=['python'] paths=['/data/ssd1/yudongyang/software/anaconda3/envs/py27/bin', '/home/yudongyang/bin', '/bin', '/lib', '/data/ssd1/yudongyang/software/anaconda3/condabin', '/usr/local/cuda-12.6/bin', '/usr/local/sbin', '/usr/local/bin', '/usr/sbin', '/usr/bin', '/sbin', '/bin', '/usr/games', '/usr/local/games', '/snap/bin', '/data/ssd1/yudongyang/software/gurobi1200/linux64/bin'] var='PYTHON' -> '/data/ssd1/yudongyang/software/anaconda3/envs/py27/bin/python'
['/data/ssd1/yudongyang/software/anaconda3/envs/py27/bin/python', '-c', 'import sys\nfor x in sys.version_info: print(str(x))']
out: 2
7
18
final
0

['/data/ssd1/yudongyang/software/anaconda3/envs/py27/bin/python', '-c', "from distutils.sysconfig import get_config_var, get_python_lib\n\nprint(repr(get_python_lib(standard_lib=0, prefix='/usr/local') or ''))"]
out: '/usr/local/lib/python2.7/site-packages'

'/usr/local/lib/python2.7/site-packages'

['/data/ssd1/yudongyang/software/anaconda3/envs/py27/bin/python', '-c', "from distutils.sysconfig import get_config_var, get_python_lib\n\nprint(repr(get_python_lib(plat_specific=1, standard_lib=0, prefix='/usr/local') or ''))"]
out: '/usr/local/lib/python2.7/site-packages'

'/usr/local/lib/python2.7/site-packages'

---------------------------------------------------------
Checking for python version
(2, 7, 18, 'final', 0)
['/data/ssd1/yudongyang/software/anaconda3/envs/py27/bin/python', '-c', "from distutils.sysconfig import get_config_var, get_python_lib\n\nprint(repr(get_config_var('prefix') or ''))\nprint(repr(get_config_var('SO') or ''))\nprint(repr(get_config_var('LDFLAGS') or ''))\nprint(repr(get_config_var('LIBDIR') or ''))\nprint(repr(get_config_var('LIBPL') or ''))\nprint(repr(get_config_var('INCLUDEPY') or ''))\nprint(repr(get_config_var('Py_ENABLE_SHARED') or ''))\nprint(repr(get_config_var('MACOSX_DEPLOYMENT_TARGET') or ''))\nprint(repr(get_config_var('LDSHARED') or ''))\nprint(repr(get_config_var('CFLAGS') or ''))"]
out: '/data/ssd1/yudongyang/software/anaconda3/envs/py27'
'.so'
'-Wl,-O2 -Wl,--sort-common -Wl,--as-needed -Wl,-z,relro -Wl,-z,now -Wl,-rpath,/data/ssd1/yudongyang/software/anaconda3/envs/py27/lib -L/data/ssd1/yudongyang/software/anaconda3/envs/py27/lib -Wl,--no-as-needed'
'/data/ssd1/yudongyang/software/anaconda3/envs/py27/lib'
'/data/ssd1/yudongyang/software/anaconda3/envs/py27/lib/python2.7/config'
'/data/ssd1/yudongyang/software/anaconda3/envs/py27/include/python2.7'
1
''
'x86_64-conda_cos6-linux-gnu-gcc -pthread -shared -Wl,-O2 -Wl,--sort-common -Wl,--as-needed -Wl,-z,relro -Wl,-z,now -Wl,-rpath,/data/ssd1/yudongyang/software/anaconda3/envs/py27/lib -L/data/ssd1/yudongyang/software/anaconda3/envs/py27/lib -Wl,--no-as-needed'
'-fno-strict-aliasing -march=nocona -mtune=haswell -ftree-vectorize -fPIC -fstack-protector-strong -fno-plt -O3 -pipe -DNDEBUG -fwrapv -O3 -Wall -Wstrict-prototypes'

'/data/ssd1/yudongyang/software/anaconda3/envs/py27'
'.so'
'-Wl,-O2 -Wl,--sort-common -Wl,--as-needed -Wl,-z,relro -Wl,-z,now -Wl,-rpath,/data/ssd1/yudongyang/software/anaconda3/envs/py27/lib -L/data/ssd1/yudongyang/software/anaconda3/envs/py27/lib -Wl,--no-as-needed'
'/data/ssd1/yudongyang/software/anaconda3/envs/py27/lib'
'/data/ssd1/yudongyang/software/anaconda3/envs/py27/lib/python2.7/config'
'/data/ssd1/yudongyang/software/anaconda3/envs/py27/include/python2.7'
1
''
'x86_64-conda_cos6-linux-gnu-gcc -pthread -shared -Wl,-O2 -Wl,--sort-common -Wl,--as-needed -Wl,-z,relro -Wl,-z,now -Wl,-rpath,/data/ssd1/yudongyang/software/anaconda3/envs/py27/lib -L/data/ssd1/yudongyang/software/anaconda3/envs/py27/lib -Wl,--no-as-needed'
'-fno-strict-aliasing -march=nocona -mtune=haswell -ftree-vectorize -fPIC -fstack-protector-strong -fno-plt -O3 -pipe -DNDEBUG -fwrapv -O3 -Wall -Wstrict-prototypes'

Configuration returned from ['/data/ssd1/yudongyang/software/anaconda3/envs/py27/bin/python']:
"prefix = '/data/ssd1/yudongyang/software/anaconda3/envs/py27'\nSO = '.so'\nLDFLAGS = '-Wl,-O2 -Wl,--sort-common -Wl,--as-needed -Wl,-z,relro -Wl,-z,now -Wl,-rpath,/data/ssd1/yudongyang/software/anaconda3/envs/py27/lib -L/data/ssd1/yudongyang/software/anaconda3/envs/py27/lib -Wl,--no-as-needed'\nLIBDIR = '/data/ssd1/yudongyang/software/anaconda3/envs/py27/lib'\nLIBPL = '/data/ssd1/yudongyang/software/anaconda3/envs/py27/lib/python2.7/config'\nINCLUDEPY = '/data/ssd1/yudongyang/software/anaconda3/envs/py27/include/python2.7'\nPy_ENABLE_SHARED = 1\nMACOSX_DEPLOYMENT_TARGET = ''\nLDSHARED = 'x86_64-conda_cos6-linux-gnu-gcc -pthread -shared -Wl,-O2 -Wl,--sort-common -Wl,--as-needed -Wl,-z,relro -Wl,-z,now -Wl,-rpath,/data/ssd1/yudongyang/software/anaconda3/envs/py27/lib -L/data/ssd1/yudongyang/software/anaconda3/envs/py27/lib -Wl,--no-as-needed'\nCFLAGS = '-fno-strict-aliasing -march=nocona -mtune=haswell -ftree-vectorize -fPIC -fstack-protector-strong -fno-plt -O3 -pipe -DNDEBUG -fwrapv -O3 -Wall -Wstrict-prototypes'"



# Trying default LIBPATH_PYEMBED: ['/data/ssd1/yudongyang/software/anaconda3/envs/py27/lib']

---------------------------------------------------------
Checking for library python2.7 in LIBPATH_PYEMBED
==>

int main(int argc, char **argv) {
	(void)argc; (void)argv;
	return 0;
}

<==
[1/2] [32mcxx: build/.conf_check_d47aa0a8feb9a92e80ced7b8afc3910e/test.cpp -> build/.conf_check_d47aa0a8feb9a92e80ced7b8afc3910e/testbuild/test.cpp.1.o
[0m
['/data/ssd1/yudongyang/software/anaconda3/envs/py27/bin/x86_64-conda_cos6-linux-gnu-c++', '-DNDEBUG', '-D_FORTIFY_SOURCE=2', '-O2', '-fvisibility-inlines-hidden', '-std=c++11', '-fmessage-length=0', '-march=nocona', '-mtune=haswell', '-ftree-vectorize', '-fPIC', '-fstack-protector-strong', '-O2', '-pipe', '-fno-strict-aliasing', '-march=nocona', '-mtune=haswell', '-ftree-vectorize', '-fPIC', '-fstack-protector-strong', '-fno-plt', '-fwrapv', '-DNS3_ASSERT_ENABLE', '-DNS3_LOG_ENABLE', '-DPYTHONDIR="/usr/local/lib/python2.7/site-packages"', '-DPYTHONARCHDIR="/usr/local/lib/python2.7/site-packages"', '-DNDEBUG', '../test.cpp', '-c', '-o', 'test.cpp.1.o']
err: x86_64-conda_cos6-linux-gnu-c++: error: unrecognized command line option '-fno-plt'

from /data/ssd1/yudongyang/xiaodiwang/High-Precision-Congestion-Control/simulation/bindings/python: Test does not build: Traceback (most recent call last):
  File "/data/ssd1/yudongyang/xiaodiwang/High-Precision-Congestion-Control/simulation/.waf-1.7.11-edc6ccb516c5e3f9b892efc9f53a610f/waflib/Tools/c_config.py", line 459, in run_c_code
    bld.compile()
  File "/data/ssd1/yudongyang/xiaodiwang/High-Precision-Congestion-Control/simulation/.waf-1.7.11-edc6ccb516c5e3f9b892efc9f53a610f/waflib/Build.py", line 188, in compile
    raise Errors.BuildError(self.producer.error)
BuildError: Build failed
 -> task in 'testprog' failed (exit status 1): 
	{task 128411855215248: cxx test.cpp -> test.cpp.1.o}
['/data/ssd1/yudongyang/software/anaconda3/envs/py27/bin/x86_64-conda_cos6-linux-gnu-c++', '-DNDEBUG', '-D_FORTIFY_SOURCE=2', '-O2', '-fvisibility-inlines-hidden', '-std=c++11', '-fmessage-length=0', '-march=nocona', '-mtune=haswell', '-ftree-vectorize', '-fPIC', '-fstack-protector-strong', '-O2', '-pipe', '-fno-strict-aliasing', '-march=nocona', '-mtune=haswell', '-ftree-vectorize', '-fPIC', '-fstack-protector-strong', '-fno-plt', '-fwrapv', '-DNS3_ASSERT_ENABLE', '-DNS3_LOG_ENABLE', '-DPYTHONDIR="/usr/local/lib/python2.7/site-packages"', '-DPYTHONARCHDIR="/usr/local/lib/python2.7/site-packages"', '-DNDEBUG', '../test.cpp', '-c', '-o', 'test.cpp.1.o']

not found
from /data/ssd1/yudongyang/xiaodiwang/High-Precision-Congestion-Control/simulation/bindings/python: The configuration failed


# try again with -L$python_LIBDIR: ['/data/ssd1/yudongyang/software/anaconda3/envs/py27/lib']

---------------------------------------------------------
Checking for library python2.7 in LIBDIR
==>

int main(int argc, char **argv) {
	(void)argc; (void)argv;
	return 0;
}

<==
[1/2] [32mcxx: build/.conf_check_ad8d9cdb2da27f79953334512e305bb0/test.cpp -> build/.conf_check_ad8d9cdb2da27f79953334512e305bb0/testbuild/test.cpp.1.o
[0m
['/data/ssd1/yudongyang/software/anaconda3/envs/py27/bin/x86_64-conda_cos6-linux-gnu-c++', '-DNDEBUG', '-D_FORTIFY_SOURCE=2', '-O2', '-fvisibility-inlines-hidden', '-std=c++11', '-fmessage-length=0', '-march=nocona', '-mtune=haswell', '-ftree-vectorize', '-fPIC', '-fstack-protector-strong', '-O2', '-pipe', '-fno-strict-aliasing', '-march=nocona', '-mtune=haswell', '-ftree-vectorize', '-fPIC', '-fstack-protector-strong', '-fno-plt', '-fwrapv', '-DNS3_ASSERT_ENABLE', '-DNS3_LOG_ENABLE', '-DPYTHONDIR="/usr/local/lib/python2.7/site-packages"', '-DPYTHONARCHDIR="/usr/local/lib/python2.7/site-packages"', '-DNDEBUG', '../test.cpp', '-c', '-o', 'test.cpp.1.o']
err: x86_64-conda_cos6-linux-gnu-c++: error: unrecognized command line option '-fno-plt'

from /data/ssd1/yudongyang/xiaodiwang/High-Precision-Congestion-Control/simulation/bindings/python: Test does not build: Traceback (most recent call last):
  File "/data/ssd1/yudongyang/xiaodiwang/High-Precision-Congestion-Control/simulation/.waf-1.7.11-edc6ccb516c5e3f9b892efc9f53a610f/waflib/Tools/c_config.py", line 459, in run_c_code
    bld.compile()
  File "/data/ssd1/yudongyang/xiaodiwang/High-Precision-Congestion-Control/simulation/.waf-1.7.11-edc6ccb516c5e3f9b892efc9f53a610f/waflib/Build.py", line 188, in compile
    raise Errors.BuildError(self.producer.error)
BuildError: Build failed
 -> task in 'testprog' failed (exit status 1): 
	{task 128411855864784: cxx test.cpp -> test.cpp.1.o}
['/data/ssd1/yudongyang/software/anaconda3/envs/py27/bin/x86_64-conda_cos6-linux-gnu-c++', '-DNDEBUG', '-D_FORTIFY_SOURCE=2', '-O2', '-fvisibility-inlines-hidden', '-std=c++11', '-fmessage-length=0', '-march=nocona', '-mtune=haswell', '-ftree-vectorize', '-fPIC', '-fstack-protector-strong', '-O2', '-pipe', '-fno-strict-aliasing', '-march=nocona', '-mtune=haswell', '-ftree-vectorize', '-fPIC', '-fstack-protector-strong', '-fno-plt', '-fwrapv', '-DNS3_ASSERT_ENABLE', '-DNS3_LOG_ENABLE', '-DPYTHONDIR="/usr/local/lib/python2.7/site-packages"', '-DPYTHONARCHDIR="/usr/local/lib/python2.7/site-packages"', '-DNDEBUG', '../test.cpp', '-c', '-o', 'test.cpp.1.o']

not found
from /data/ssd1/yudongyang/xiaodiwang/High-Precision-Congestion-Control/simulation/bindings/python: The configuration failed


# try again with -L$python_LIBPL (some systems don't install the python library in $prefix/lib)

---------------------------------------------------------
Checking for library python2.7 in python_LIBPL
==>

int main(int argc, char **argv) {
	(void)argc; (void)argv;
	return 0;
}

<==
[1/2] [32mcxx: build/.conf_check_2752a23fba386f4e29d6911e4b23598e/test.cpp -> build/.conf_check_2752a23fba386f4e29d6911e4b23598e/testbuild/test.cpp.1.o
[0m
['/data/ssd1/yudongyang/software/anaconda3/envs/py27/bin/x86_64-conda_cos6-linux-gnu-c++', '-DNDEBUG', '-D_FORTIFY_SOURCE=2', '-O2', '-fvisibility-inlines-hidden', '-std=c++11', '-fmessage-length=0', '-march=nocona', '-mtune=haswell', '-ftree-vectorize', '-fPIC', '-fstack-protector-strong', '-O2', '-pipe', '-fno-strict-aliasing', '-march=nocona', '-mtune=haswell', '-ftree-vectorize', '-fPIC', '-fstack-protector-strong', '-fno-plt', '-fwrapv', '-DNS3_ASSERT_ENABLE', '-DNS3_LOG_ENABLE', '-DPYTHONDIR="/usr/local/lib/python2.7/site-packages"', '-DPYTHONARCHDIR="/usr/local/lib/python2.7/site-packages"', '-DNDEBUG', '../test.cpp', '-c', '-o', 'test.cpp.1.o']
err: x86_64-conda_cos6-linux-gnu-c++: error: unrecognized command line option '-fno-plt'

from /data/ssd1/yudongyang/xiaodiwang/High-Precision-Congestion-Control/simulation/bindings/python: Test does not build: Traceback (most recent call last):
  File "/data/ssd1/yudongyang/xiaodiwang/High-Precision-Congestion-Control/simulation/.waf-1.7.11-edc6ccb516c5e3f9b892efc9f53a610f/waflib/Tools/c_config.py", line 459, in run_c_code
    bld.compile()
  File "/data/ssd1/yudongyang/xiaodiwang/High-Precision-Congestion-Control/simulation/.waf-1.7.11-edc6ccb516c5e3f9b892efc9f53a610f/waflib/Build.py", line 188, in compile
    raise Errors.BuildError(self.producer.error)
BuildError: Build failed
 -> task in 'testprog' failed (exit status 1): 
	{task 128411855215312: cxx test.cpp -> test.cpp.1.o}
['/data/ssd1/yudongyang/software/anaconda3/envs/py27/bin/x86_64-conda_cos6-linux-gnu-c++', '-DNDEBUG', '-D_FORTIFY_SOURCE=2', '-O2', '-fvisibility-inlines-hidden', '-std=c++11', '-fmessage-length=0', '-march=nocona', '-mtune=haswell', '-ftree-vectorize', '-fPIC', '-fstack-protector-strong', '-O2', '-pipe', '-fno-strict-aliasing', '-march=nocona', '-mtune=haswell', '-ftree-vectorize', '-fPIC', '-fstack-protector-strong', '-fno-plt', '-fwrapv', '-DNS3_ASSERT_ENABLE', '-DNS3_LOG_ENABLE', '-DPYTHONDIR="/usr/local/lib/python2.7/site-packages"', '-DPYTHONARCHDIR="/usr/local/lib/python2.7/site-packages"', '-DNDEBUG', '../test.cpp', '-c', '-o', 'test.cpp.1.o']

not found
from /data/ssd1/yudongyang/xiaodiwang/High-Precision-Congestion-Control/simulation/bindings/python: The configuration failed


# try again with -L$prefix/libs, and pythonXY name rather than pythonX.Y (win32)

---------------------------------------------------------
Checking for library python2.7 in $prefix/libs
==>

int main(int argc, char **argv) {
	(void)argc; (void)argv;
	return 0;
}

<==
[1/2] [32mcxx: build/.conf_check_09bcd8278b05dff92312ca7c77716bc9/test.cpp -> build/.conf_check_09bcd8278b05dff92312ca7c77716bc9/testbuild/test.cpp.1.o
[0m
['/data/ssd1/yudongyang/software/anaconda3/envs/py27/bin/x86_64-conda_cos6-linux-gnu-c++', '-DNDEBUG', '-D_FORTIFY_SOURCE=2', '-O2', '-fvisibility-inlines-hidden', '-std=c++11', '-fmessage-length=0', '-march=nocona', '-mtune=haswell', '-ftree-vectorize', '-fPIC', '-fstack-protector-strong', '-O2', '-pipe', '-fno-strict-aliasing', '-march=nocona', '-mtune=haswell', '-ftree-vectorize', '-fPIC', '-fstack-protector-strong', '-fno-plt', '-fwrapv', '-DNS3_ASSERT_ENABLE', '-DNS3_LOG_ENABLE', '-DPYTHONDIR="/usr/local/lib/python2.7/site-packages"', '-DPYTHONARCHDIR="/usr/local/lib/python2.7/site-packages"', '-DNDEBUG', '../test.cpp', '-c', '-o', 'test.cpp.1.o']
err: x86_64-conda_cos6-linux-gnu-c++: error: unrecognized command line option '-fno-plt'

from /data/ssd1/yudongyang/xiaodiwang/High-Precision-Congestion-Control/simulation/bindings/python: Test does not build: Traceback (most recent call last):
  File "/data/ssd1/yudongyang/xiaodiwang/High-Precision-Congestion-Control/simulation/.waf-1.7.11-edc6ccb516c5e3f9b892efc9f53a610f/waflib/Tools/c_config.py", line 459, in run_c_code
    bld.compile()
  File "/data/ssd1/yudongyang/xiaodiwang/High-Precision-Congestion-Control/simulation/.waf-1.7.11-edc6ccb516c5e3f9b892efc9f53a610f/waflib/Build.py", line 188, in compile
    raise Errors.BuildError(self.producer.error)
BuildError: Build failed
 -> task in 'testprog' failed (exit status 1): 
	{task 128411855866064: cxx test.cpp -> test.cpp.1.o}
['/data/ssd1/yudongyang/software/anaconda3/envs/py27/bin/x86_64-conda_cos6-linux-gnu-c++', '-DNDEBUG', '-D_FORTIFY_SOURCE=2', '-O2', '-fvisibility-inlines-hidden', '-std=c++11', '-fmessage-length=0', '-march=nocona', '-mtune=haswell', '-ftree-vectorize', '-fPIC', '-fstack-protector-strong', '-O2', '-pipe', '-fno-strict-aliasing', '-march=nocona', '-mtune=haswell', '-ftree-vectorize', '-fPIC', '-fstack-protector-strong', '-fno-plt', '-fwrapv', '-DNS3_ASSERT_ENABLE', '-DNS3_LOG_ENABLE', '-DPYTHONDIR="/usr/local/lib/python2.7/site-packages"', '-DPYTHONARCHDIR="/usr/local/lib/python2.7/site-packages"', '-DNDEBUG', '../test.cpp', '-c', '-o', 'test.cpp.1.o']

not found
from /data/ssd1/yudongyang/xiaodiwang/High-Precision-Congestion-Control/simulation/bindings/python: The configuration failed


# Trying default LIBPATH_PYEMBED: ['/data/ssd1/yudongyang/software/anaconda3/envs/py27/lib']

---------------------------------------------------------
Checking for library python2.7m in LIBPATH_PYEMBED
==>

int main(int argc, char **argv) {
	(void)argc; (void)argv;
	return 0;
}

<==
[1/2] [32mcxx: build/.conf_check_1dccabca263eb492aa250c371ba5a4e0/test.cpp -> build/.conf_check_1dccabca263eb492aa250c371ba5a4e0/testbuild/test.cpp.1.o
[0m
['/data/ssd1/yudongyang/software/anaconda3/envs/py27/bin/x86_64-conda_cos6-linux-gnu-c++', '-DNDEBUG', '-D_FORTIFY_SOURCE=2', '-O2', '-fvisibility-inlines-hidden', '-std=c++11', '-fmessage-length=0', '-march=nocona', '-mtune=haswell', '-ftree-vectorize', '-fPIC', '-fstack-protector-strong', '-O2', '-pipe', '-fno-strict-aliasing', '-march=nocona', '-mtune=haswell', '-ftree-vectorize', '-fPIC', '-fstack-protector-strong', '-fno-plt', '-fwrapv', '-DNS3_ASSERT_ENABLE', '-DNS3_LOG_ENABLE', '-DPYTHONDIR="/usr/local/lib/python2.7/site-packages"', '-DPYTHONARCHDIR="/usr/local/lib/python2.7/site-packages"', '-DNDEBUG', '../test.cpp', '-c', '-o', 'test.cpp.1.o']
err: x86_64-conda_cos6-linux-gnu-c++: error: unrecognized command line option '-fno-plt'

from /data/ssd1/yudongyang/xiaodiwang/High-Precision-Congestion-Control/simulation/bindings/python: Test does not build: Traceback (most recent call last):
  File "/data/ssd1/yudongyang/xiaodiwang/High-Precision-Congestion-Control/simulation/.waf-1.7.11-edc6ccb516c5e3f9b892efc9f53a610f/waflib/Tools/c_config.py", line 459, in run_c_code
    bld.compile()
  File "/data/ssd1/yudongyang/xiaodiwang/High-Precision-Congestion-Control/simulation/.waf-1.7.11-edc6ccb516c5e3f9b892efc9f53a610f/waflib/Build.py", line 188, in compile
    raise Errors.BuildError(self.producer.error)
BuildError: Build failed
 -> task in 'testprog' failed (exit status 1): 
	{task 128411855867536: cxx test.cpp -> test.cpp.1.o}
['/data/ssd1/yudongyang/software/anaconda3/envs/py27/bin/x86_64-conda_cos6-linux-gnu-c++', '-DNDEBUG', '-D_FORTIFY_SOURCE=2', '-O2', '-fvisibility-inlines-hidden', '-std=c++11', '-fmessage-length=0', '-march=nocona', '-mtune=haswell', '-ftree-vectorize', '-fPIC', '-fstack-protector-strong', '-O2', '-pipe', '-fno-strict-aliasing', '-march=nocona', '-mtune=haswell', '-ftree-vectorize', '-fPIC', '-fstack-protector-strong', '-fno-plt', '-fwrapv', '-DNS3_ASSERT_ENABLE', '-DNS3_LOG_ENABLE', '-DPYTHONDIR="/usr/local/lib/python2.7/site-packages"', '-DPYTHONARCHDIR="/usr/local/lib/python2.7/site-packages"', '-DNDEBUG', '../test.cpp', '-c', '-o', 'test.cpp.1.o']

not found
from /data/ssd1/yudongyang/xiaodiwang/High-Precision-Congestion-Control/simulation/bindings/python: The configuration failed


# try again with -L$python_LIBDIR: ['/data/ssd1/yudongyang/software/anaconda3/envs/py27/lib']

---------------------------------------------------------
Checking for library python2.7m in LIBDIR
==>

int main(int argc, char **argv) {
	(void)argc; (void)argv;
	return 0;
}

<==
[1/2] [32mcxx: build/.conf_check_bfe69cc23992788115407295bb563020/test.cpp -> build/.conf_check_bfe69cc23992788115407295bb563020/testbuild/test.cpp.1.o
[0m
['/data/ssd1/yudongyang/software/anaconda3/envs/py27/bin/x86_64-conda_cos6-linux-gnu-c++', '-DNDEBUG', '-D_FORTIFY_SOURCE=2', '-O2', '-fvisibility-inlines-hidden', '-std=c++11', '-fmessage-length=0', '-march=nocona', '-mtune=haswell', '-ftree-vectorize', '-fPIC', '-fstack-protector-strong', '-O2', '-pipe', '-fno-strict-aliasing', '-march=nocona', '-mtune=haswell', '-ftree-vectorize', '-fPIC', '-fstack-protector-strong', '-fno-plt', '-fwrapv', '-DNS3_ASSERT_ENABLE', '-DNS3_LOG_ENABLE', '-DPYTHONDIR="/usr/local/lib/python2.7/site-packages"', '-DPYTHONARCHDIR="/usr/local/lib/python2.7/site-packages"', '-DNDEBUG', '../test.cpp', '-c', '-o', 'test.cpp.1.o']
err: x86_64-conda_cos6-linux-gnu-c++: error: unrecognized command line option '-fno-plt'

from /data/ssd1/yudongyang/xiaodiwang/High-Precision-Congestion-Control/simulation/bindings/python: Test does not build: Traceback (most recent call last):
  File "/data/ssd1/yudongyang/xiaodiwang/High-Precision-Congestion-Control/simulation/.waf-1.7.11-edc6ccb516c5e3f9b892efc9f53a610f/waflib/Tools/c_config.py", line 459, in run_c_code
    bld.compile()
  File "/data/ssd1/yudongyang/xiaodiwang/High-Precision-Congestion-Control/simulation/.waf-1.7.11-edc6ccb516c5e3f9b892efc9f53a610f/waflib/Build.py", line 188, in compile
    raise Errors.BuildError(self.producer.error)
BuildError: Build failed
 -> task in 'testprog' failed (exit status 1): 
	{task 128411855984016: cxx test.cpp -> test.cpp.1.o}
['/data/ssd1/yudongyang/software/anaconda3/envs/py27/bin/x86_64-conda_cos6-linux-gnu-c++', '-DNDEBUG', '-D_FORTIFY_SOURCE=2', '-O2', '-fvisibility-inlines-hidden', '-std=c++11', '-fmessage-length=0', '-march=nocona', '-mtune=haswell', '-ftree-vectorize', '-fPIC', '-fstack-protector-strong', '-O2', '-pipe', '-fno-strict-aliasing', '-march=nocona', '-mtune=haswell', '-ftree-vectorize', '-fPIC', '-fstack-protector-strong', '-fno-plt', '-fwrapv', '-DNS3_ASSERT_ENABLE', '-DNS3_LOG_ENABLE', '-DPYTHONDIR="/usr/local/lib/python2.7/site-packages"', '-DPYTHONARCHDIR="/usr/local/lib/python2.7/site-packages"', '-DNDEBUG', '../test.cpp', '-c', '-o', 'test.cpp.1.o']

not found
from /data/ssd1/yudongyang/xiaodiwang/High-Precision-Congestion-Control/simulation/bindings/python: The configuration failed


# try again with -L$python_LIBPL (some systems don't install the python library in $prefix/lib)

---------------------------------------------------------
Checking for library python2.7m in python_LIBPL
==>

int main(int argc, char **argv) {
	(void)argc; (void)argv;
	return 0;
}

<==
[1/2] [32mcxx: build/.conf_check_292bb26d1790810c9d12ae32b3980f80/test.cpp -> build/.conf_check_292bb26d1790810c9d12ae32b3980f80/testbuild/test.cpp.1.o
[0m
['/data/ssd1/yudongyang/software/anaconda3/envs/py27/bin/x86_64-conda_cos6-linux-gnu-c++', '-DNDEBUG', '-D_FORTIFY_SOURCE=2', '-O2', '-fvisibility-inlines-hidden', '-std=c++11', '-fmessage-length=0', '-march=nocona', '-mtune=haswell', '-ftree-vectorize', '-fPIC', '-fstack-protector-strong', '-O2', '-pipe', '-fno-strict-aliasing', '-march=nocona', '-mtune=haswell', '-ftree-vectorize', '-fPIC', '-fstack-protector-strong', '-fno-plt', '-fwrapv', '-DNS3_ASSERT_ENABLE', '-DNS3_LOG_ENABLE', '-DPYTHONDIR="/usr/local/lib/python2.7/site-packages"', '-DPYTHONARCHDIR="/usr/local/lib/python2.7/site-packages"', '-DNDEBUG', '../test.cpp', '-c', '-o', 'test.cpp.1.o']
err: x86_64-conda_cos6-linux-gnu-c++: error: unrecognized command line option '-fno-plt'

from /data/ssd1/yudongyang/xiaodiwang/High-Precision-Congestion-Control/simulation/bindings/python: Test does not build: Traceback (most recent call last):
  File "/data/ssd1/yudongyang/xiaodiwang/High-Precision-Congestion-Control/simulation/.waf-1.7.11-edc6ccb516c5e3f9b892efc9f53a610f/waflib/Tools/c_config.py", line 459, in run_c_code
    bld.compile()
  File "/data/ssd1/yudongyang/xiaodiwang/High-Precision-Congestion-Control/simulation/.waf-1.7.11-edc6ccb516c5e3f9b892efc9f53a610f/waflib/Build.py", line 188, in compile
    raise Errors.BuildError(self.producer.error)
BuildError: Build failed
 -> task in 'testprog' failed (exit status 1): 
	{task 128411855867216: cxx test.cpp -> test.cpp.1.o}
['/data/ssd1/yudongyang/software/anaconda3/envs/py27/bin/x86_64-conda_cos6-linux-gnu-c++', '-DNDEBUG', '-D_FORTIFY_SOURCE=2', '-O2', '-fvisibility-inlines-hidden', '-std=c++11', '-fmessage-length=0', '-march=nocona', '-mtune=haswell', '-ftree-vectorize', '-fPIC', '-fstack-protector-strong', '-O2', '-pipe', '-fno-strict-aliasing', '-march=nocona', '-mtune=haswell', '-ftree-vectorize', '-fPIC', '-fstack-protector-strong', '-fno-plt', '-fwrapv', '-DNS3_ASSERT_ENABLE', '-DNS3_LOG_ENABLE', '-DPYTHONDIR="/usr/local/lib/python2.7/site-packages"', '-DPYTHONARCHDIR="/usr/local/lib/python2.7/site-packages"', '-DNDEBUG', '../test.cpp', '-c', '-o', 'test.cpp.1.o']

not found
from /data/ssd1/yudongyang/xiaodiwang/High-Precision-Congestion-Control/simulation/bindings/python: The configuration failed


# try again with -L$prefix/libs, and pythonXY name rather than pythonX.Y (win32)

---------------------------------------------------------
Checking for library python2.7m in $prefix/libs
==>

int main(int argc, char **argv) {
	(void)argc; (void)argv;
	return 0;
}

<==
[1/2] [32mcxx: build/.conf_check_b43babd611d0fceea07ee83386696867/test.cpp -> build/.conf_check_b43babd611d0fceea07ee83386696867/testbuild/test.cpp.1.o
[0m
['/data/ssd1/yudongyang/software/anaconda3/envs/py27/bin/x86_64-conda_cos6-linux-gnu-c++', '-DNDEBUG', '-D_FORTIFY_SOURCE=2', '-O2', '-fvisibility-inlines-hidden', '-std=c++11', '-fmessage-length=0', '-march=nocona', '-mtune=haswell', '-ftree-vectorize', '-fPIC', '-fstack-protector-strong', '-O2', '-pipe', '-fno-strict-aliasing', '-march=nocona', '-mtune=haswell', '-ftree-vectorize', '-fPIC', '-fstack-protector-strong', '-fno-plt', '-fwrapv', '-DNS3_ASSERT_ENABLE', '-DNS3_LOG_ENABLE', '-DPYTHONDIR="/usr/local/lib/python2.7/site-packages"', '-DPYTHONARCHDIR="/usr/local/lib/python2.7/site-packages"', '-DNDEBUG', '../test.cpp', '-c', '-o', 'test.cpp.1.o']
err: x86_64-conda_cos6-linux-gnu-c++: error: unrecognized command line option '-fno-plt'

from /data/ssd1/yudongyang/xiaodiwang/High-Precision-Congestion-Control/simulation/bindings/python: Test does not build: Traceback (most recent call last):
  File "/data/ssd1/yudongyang/xiaodiwang/High-Precision-Congestion-Control/simulation/.waf-1.7.11-edc6ccb516c5e3f9b892efc9f53a610f/waflib/Tools/c_config.py", line 459, in run_c_code
    bld.compile()
  File "/data/ssd1/yudongyang/xiaodiwang/High-Precision-Congestion-Control/simulation/.waf-1.7.11-edc6ccb516c5e3f9b892efc9f53a610f/waflib/Build.py", line 188, in compile
    raise Errors.BuildError(self.producer.error)
BuildError: Build failed
 -> task in 'testprog' failed (exit status 1): 
	{task 128411854596112: cxx test.cpp -> test.cpp.1.o}
['/data/ssd1/yudongyang/software/anaconda3/envs/py27/bin/x86_64-conda_cos6-linux-gnu-c++', '-DNDEBUG', '-D_FORTIFY_SOURCE=2', '-O2', '-fvisibility-inlines-hidden', '-std=c++11', '-fmessage-length=0', '-march=nocona', '-mtune=haswell', '-ftree-vectorize', '-fPIC', '-fstack-protector-strong', '-O2', '-pipe', '-fno-strict-aliasing', '-march=nocona', '-mtune=haswell', '-ftree-vectorize', '-fPIC', '-fstack-protector-strong', '-fno-plt', '-fwrapv', '-DNS3_ASSERT_ENABLE', '-DNS3_LOG_ENABLE', '-DPYTHONDIR="/usr/local/lib/python2.7/site-packages"', '-DPYTHONARCHDIR="/usr/local/lib/python2.7/site-packages"', '-DNDEBUG', '../test.cpp', '-c', '-o', 'test.cpp.1.o']

not found
from /data/ssd1/yudongyang/xiaodiwang/High-Precision-Congestion-Control/simulation/bindings/python: The configuration failed


# Trying default LIBPATH_PYEMBED: ['/data/ssd1/yudongyang/software/anaconda3/envs/py27/lib']

---------------------------------------------------------
Checking for library python27 in LIBPATH_PYEMBED
==>

int main(int argc, char **argv) {
	(void)argc; (void)argv;
	return 0;
}

<==
[1/2] [32mcxx: build/.conf_check_decfb3680979e8d90fb1c4d5dd85d9d4/test.cpp -> build/.conf_check_decfb3680979e8d90fb1c4d5dd85d9d4/testbuild/test.cpp.1.o
[0m
['/data/ssd1/yudongyang/software/anaconda3/envs/py27/bin/x86_64-conda_cos6-linux-gnu-c++', '-DNDEBUG', '-D_FORTIFY_SOURCE=2', '-O2', '-fvisibility-inlines-hidden', '-std=c++11', '-fmessage-length=0', '-march=nocona', '-mtune=haswell', '-ftree-vectorize', '-fPIC', '-fstack-protector-strong', '-O2', '-pipe', '-fno-strict-aliasing', '-march=nocona', '-mtune=haswell', '-ftree-vectorize', '-fPIC', '-fstack-protector-strong', '-fno-plt', '-fwrapv', '-DNS3_ASSERT_ENABLE', '-DNS3_LOG_ENABLE', '-DPYTHONDIR="/usr/local/lib/python2.7/site-packages"', '-DPYTHONARCHDIR="/usr/local/lib/python2.7/site-packages"', '-DNDEBUG', '../test.cpp', '-c', '-o', 'test.cpp.1.o']
err: x86_64-conda_cos6-linux-gnu-c++: error: unrecognized command line option '-fno-plt'

from /data/ssd1/yudongyang/xiaodiwang/High-Precision-Congestion-Control/simulation/bindings/python: Test does not build: Traceback (most recent call last):
  File "/data/ssd1/yudongyang/xiaodiwang/High-Precision-Congestion-Control/simulation/.waf-1.7.11-edc6ccb516c5e3f9b892efc9f53a610f/waflib/Tools/c_config.py", line 459, in run_c_code
    bld.compile()
  File "/data/ssd1/yudongyang/xiaodiwang/High-Precision-Congestion-Control/simulation/.waf-1.7.11-edc6ccb516c5e3f9b892efc9f53a610f/waflib/Build.py", line 188, in compile
    raise Errors.BuildError(self.producer.error)
BuildError: Build failed
 -> task in 'testprog' failed (exit status 1): 
	{task 128411855123600: cxx test.cpp -> test.cpp.1.o}
['/data/ssd1/yudongyang/software/anaconda3/envs/py27/bin/x86_64-conda_cos6-linux-gnu-c++', '-DNDEBUG', '-D_FORTIFY_SOURCE=2', '-O2', '-fvisibility-inlines-hidden', '-std=c++11', '-fmessage-length=0', '-march=nocona', '-mtune=haswell', '-ftree-vectorize', '-fPIC', '-fstack-protector-strong', '-O2', '-pipe', '-fno-strict-aliasing', '-march=nocona', '-mtune=haswell', '-ftree-vectorize', '-fPIC', '-fstack-protector-strong', '-fno-plt', '-fwrapv', '-DNS3_ASSERT_ENABLE', '-DNS3_LOG_ENABLE', '-DPYTHONDIR="/usr/local/lib/python2.7/site-packages"', '-DPYTHONARCHDIR="/usr/local/lib/python2.7/site-packages"', '-DNDEBUG', '../test.cpp', '-c', '-o', 'test.cpp.1.o']

not found
from /data/ssd1/yudongyang/xiaodiwang/High-Precision-Congestion-Control/simulation/bindings/python: The configuration failed


# try again with -L$python_LIBDIR: ['/data/ssd1/yudongyang/software/anaconda3/envs/py27/lib']

---------------------------------------------------------
Checking for library python27 in LIBDIR
==>

int main(int argc, char **argv) {
	(void)argc; (void)argv;
	return 0;
}

<==
[1/2] [32mcxx: build/.conf_check_580a922ac70c44bed948a224a2b28ef5/test.cpp -> build/.conf_check_580a922ac70c44bed948a224a2b28ef5/testbuild/test.cpp.1.o
[0m
['/data/ssd1/yudongyang/software/anaconda3/envs/py27/bin/x86_64-conda_cos6-linux-gnu-c++', '-DNDEBUG', '-D_FORTIFY_SOURCE=2', '-O2', '-fvisibility-inlines-hidden', '-std=c++11', '-fmessage-length=0', '-march=nocona', '-mtune=haswell', '-ftree-vectorize', '-fPIC', '-fstack-protector-strong', '-O2', '-pipe', '-fno-strict-aliasing', '-march=nocona', '-mtune=haswell', '-ftree-vectorize', '-fPIC', '-fstack-protector-strong', '-fno-plt', '-fwrapv', '-DNS3_ASSERT_ENABLE', '-DNS3_LOG_ENABLE', '-DPYTHONDIR="/usr/local/lib/python2.7/site-packages"', '-DPYTHONARCHDIR="/usr/local/lib/python2.7/site-packages"', '-DNDEBUG', '../test.cpp', '-c', '-o', 'test.cpp.1.o']
err: x86_64-conda_cos6-linux-gnu-c++: error: unrecognized command line option '-fno-plt'

from /data/ssd1/yudongyang/xiaodiwang/High-Precision-Congestion-Control/simulation/bindings/python: Test does not build: Traceback (most recent call last):
  File "/data/ssd1/yudongyang/xiaodiwang/High-Precision-Congestion-Control/simulation/.waf-1.7.11-edc6ccb516c5e3f9b892efc9f53a610f/waflib/Tools/c_config.py", line 459, in run_c_code
    bld.compile()
  File "/data/ssd1/yudongyang/xiaodiwang/High-Precision-Congestion-Control/simulation/.waf-1.7.11-edc6ccb516c5e3f9b892efc9f53a610f/waflib/Build.py", line 188, in compile
    raise Errors.BuildError(self.producer.error)
BuildError: Build failed
 -> task in 'testprog' failed (exit status 1): 
	{task 128411855063760: cxx test.cpp -> test.cpp.1.o}
['/data/ssd1/yudongyang/software/anaconda3/envs/py27/bin/x86_64-conda_cos6-linux-gnu-c++', '-DNDEBUG', '-D_FORTIFY_SOURCE=2', '-O2', '-fvisibility-inlines-hidden', '-std=c++11', '-fmessage-length=0', '-march=nocona', '-mtune=haswell', '-ftree-vectorize', '-fPIC', '-fstack-protector-strong', '-O2', '-pipe', '-fno-strict-aliasing', '-march=nocona', '-mtune=haswell', '-ftree-vectorize', '-fPIC', '-fstack-protector-strong', '-fno-plt', '-fwrapv', '-DNS3_ASSERT_ENABLE', '-DNS3_LOG_ENABLE', '-DPYTHONDIR="/usr/local/lib/python2.7/site-packages"', '-DPYTHONARCHDIR="/usr/local/lib/python2.7/site-packages"', '-DNDEBUG', '../test.cpp', '-c', '-o', 'test.cpp.1.o']

not found
from /data/ssd1/yudongyang/xiaodiwang/High-Precision-Congestion-Control/simulation/bindings/python: The configuration failed


# try again with -L$python_LIBPL (some systems don't install the python library in $prefix/lib)

---------------------------------------------------------
Checking for library python27 in python_LIBPL
==>

int main(int argc, char **argv) {
	(void)argc; (void)argv;
	return 0;
}

<==
[1/2] [32mcxx: build/.conf_check_a07f0eda9fba421f3e1fdb740f89cc0a/test.cpp -> build/.conf_check_a07f0eda9fba421f3e1fdb740f89cc0a/testbuild/test.cpp.1.o
[0m
['/data/ssd1/yudongyang/software/anaconda3/envs/py27/bin/x86_64-conda_cos6-linux-gnu-c++', '-DNDEBUG', '-D_FORTIFY_SOURCE=2', '-O2', '-fvisibility-inlines-hidden', '-std=c++11', '-fmessage-length=0', '-march=nocona', '-mtune=haswell', '-ftree-vectorize', '-fPIC', '-fstack-protector-strong', '-O2', '-pipe', '-fno-strict-aliasing', '-march=nocona', '-mtune=haswell', '-ftree-vectorize', '-fPIC', '-fstack-protector-strong', '-fno-plt', '-fwrapv', '-DNS3_ASSERT_ENABLE', '-DNS3_LOG_ENABLE', '-DPYTHONDIR="/usr/local/lib/python2.7/site-packages"', '-DPYTHONARCHDIR="/usr/local/lib/python2.7/site-packages"', '-DNDEBUG', '../test.cpp', '-c', '-o', 'test.cpp.1.o']
err: x86_64-conda_cos6-linux-gnu-c++: error: unrecognized command line option '-fno-plt'

from /data/ssd1/yudongyang/xiaodiwang/High-Precision-Congestion-Control/simulation/bindings/python: Test does not build: Traceback (most recent call last):
  File "/data/ssd1/yudongyang/xiaodiwang/High-Precision-Congestion-Control/simulation/.waf-1.7.11-edc6ccb516c5e3f9b892efc9f53a610f/waflib/Tools/c_config.py", line 459, in run_c_code
    bld.compile()
  File "/data/ssd1/yudongyang/xiaodiwang/High-Precision-Congestion-Control/simulation/.waf-1.7.11-edc6ccb516c5e3f9b892efc9f53a610f/waflib/Build.py", line 188, in compile
    raise Errors.BuildError(self.producer.error)
BuildError: Build failed
 -> task in 'testprog' failed (exit status 1): 
	{task 128411855124368: cxx test.cpp -> test.cpp.1.o}
['/data/ssd1/yudongyang/software/anaconda3/envs/py27/bin/x86_64-conda_cos6-linux-gnu-c++', '-DNDEBUG', '-D_FORTIFY_SOURCE=2', '-O2', '-fvisibility-inlines-hidden', '-std=c++11', '-fmessage-length=0', '-march=nocona', '-mtune=haswell', '-ftree-vectorize', '-fPIC', '-fstack-protector-strong', '-O2', '-pipe', '-fno-strict-aliasing', '-march=nocona', '-mtune=haswell', '-ftree-vectorize', '-fPIC', '-fstack-protector-strong', '-fno-plt', '-fwrapv', '-DNS3_ASSERT_ENABLE', '-DNS3_LOG_ENABLE', '-DPYTHONDIR="/usr/local/lib/python2.7/site-packages"', '-DPYTHONARCHDIR="/usr/local/lib/python2.7/site-packages"', '-DNDEBUG', '../test.cpp', '-c', '-o', 'test.cpp.1.o']

not found
from /data/ssd1/yudongyang/xiaodiwang/High-Precision-Congestion-Control/simulation/bindings/python: The configuration failed


# try again with -L$prefix/libs, and pythonXY name rather than pythonX.Y (win32)

---------------------------------------------------------
Checking for library python27 in $prefix/libs
==>

int main(int argc, char **argv) {
	(void)argc; (void)argv;
	return 0;
}

<==
[1/2] [32mcxx: build/.conf_check_aab110d78ad964c100f68631d24528c7/test.cpp -> build/.conf_check_aab110d78ad964c100f68631d24528c7/testbuild/test.cpp.1.o
[0m
['/data/ssd1/yudongyang/software/anaconda3/envs/py27/bin/x86_64-conda_cos6-linux-gnu-c++', '-DNDEBUG', '-D_FORTIFY_SOURCE=2', '-O2', '-fvisibility-inlines-hidden', '-std=c++11', '-fmessage-length=0', '-march=nocona', '-mtune=haswell', '-ftree-vectorize', '-fPIC', '-fstack-protector-strong', '-O2', '-pipe', '-fno-strict-aliasing', '-march=nocona', '-mtune=haswell', '-ftree-vectorize', '-fPIC', '-fstack-protector-strong', '-fno-plt', '-fwrapv', '-DNS3_ASSERT_ENABLE', '-DNS3_LOG_ENABLE', '-DPYTHONDIR="/usr/local/lib/python2.7/site-packages"', '-DPYTHONARCHDIR="/usr/local/lib/python2.7/site-packages"', '-DNDEBUG', '../test.cpp', '-c', '-o', 'test.cpp.1.o']
err: x86_64-conda_cos6-linux-gnu-c++: error: unrecognized command line option '-fno-plt'

from /data/ssd1/yudongyang/xiaodiwang/High-Precision-Congestion-Control/simulation/bindings/python: Test does not build: Traceback (most recent call last):
  File "/data/ssd1/yudongyang/xiaodiwang/High-Precision-Congestion-Control/simulation/.waf-1.7.11-edc6ccb516c5e3f9b892efc9f53a610f/waflib/Tools/c_config.py", line 459, in run_c_code
    bld.compile()
  File "/data/ssd1/yudongyang/xiaodiwang/High-Precision-Congestion-Control/simulation/.waf-1.7.11-edc6ccb516c5e3f9b892efc9f53a610f/waflib/Build.py", line 188, in compile
    raise Errors.BuildError(self.producer.error)
BuildError: Build failed
 -> task in 'testprog' failed (exit status 1): 
	{task 128411855867728: cxx test.cpp -> test.cpp.1.o}
['/data/ssd1/yudongyang/software/anaconda3/envs/py27/bin/x86_64-conda_cos6-linux-gnu-c++', '-DNDEBUG', '-D_FORTIFY_SOURCE=2', '-O2', '-fvisibility-inlines-hidden', '-std=c++11', '-fmessage-length=0', '-march=nocona', '-mtune=haswell', '-ftree-vectorize', '-fPIC', '-fstack-protector-strong', '-O2', '-pipe', '-fno-strict-aliasing', '-march=nocona', '-mtune=haswell', '-ftree-vectorize', '-fPIC', '-fstack-protector-strong', '-fno-plt', '-fwrapv', '-DNS3_ASSERT_ENABLE', '-DNS3_LOG_ENABLE', '-DPYTHONDIR="/usr/local/lib/python2.7/site-packages"', '-DPYTHONARCHDIR="/usr/local/lib/python2.7/site-packages"', '-DNDEBUG', '../test.cpp', '-c', '-o', 'test.cpp.1.o']

not found
from /data/ssd1/yudongyang/xiaodiwang/High-Precision-Congestion-Control/simulation/bindings/python: The configuration failed


### LIB NOT FOUND

----------------------------------------------------------------------------------------------------------------------------------------------
Checking for program /data/ssd1/yudongyang/software/anaconda3/envs/py27/bin/python-config,python2.7-config,python-config-2.7,python2.7m-config
/data/ssd1/yudongyang/software/anaconda3/envs/py27/bin/python-config
find program=['/data/ssd1/yudongyang/software/anaconda3/envs/py27/bin/python-config', 'python2.7-config', 'python-config-2.7', 'python2.7m-config'] paths=['/data/ssd1/yudongyang/software/anaconda3/envs/py27/bin', '/home/yudongyang/bin', '/bin', '/lib', '/data/ssd1/yudongyang/software/anaconda3/condabin', '/usr/local/cuda-12.6/bin', '/usr/local/sbin', '/usr/local/bin', '/usr/sbin', '/usr/bin', '/sbin', '/bin', '/usr/games', '/usr/local/games', '/snap/bin', '/data/ssd1/yudongyang/software/gurobi1200/linux64/bin'] var='PYTHON_CONFIG' -> '/data/ssd1/yudongyang/software/anaconda3/envs/py27/bin/python-config'
['/data/ssd1/yudongyang/software/anaconda3/envs/py27/bin/python-config', '--includes']
out: -I/data/ssd1/yudongyang/software/anaconda3/envs/py27/include/python2.7 -I/data/ssd1/yudongyang/software/anaconda3/envs/py27/include/python2.7

Include path for Python extensions (found via python-config --includes): ['/data/ssd1/yudongyang/software/anaconda3/envs/py27/include/python2.7']

----------------------------------------------------------------------------------------------------------------------------------------------
Checking for header Python.h
==>

#include <Python.h>
#ifdef __cplusplus
extern "C" {
#endif
	void Py_Initialize(void);
	void Py_Finalize(void);
#ifdef __cplusplus
}
#endif
int main(int argc, char **argv)
{
   (void)argc; (void)argv;
   Py_Initialize();
   Py_Finalize();
   return 0;
}

<==
[1/2] [32mcxx: build/.conf_check_1f933b02106127ce3a9f4633a0e368e7/test.cpp -> build/.conf_check_1f933b02106127ce3a9f4633a0e368e7/testbuild/test.cpp.1.o
[0m
['/data/ssd1/yudongyang/software/anaconda3/envs/py27/bin/x86_64-conda_cos6-linux-gnu-c++', '-DNDEBUG', '-D_FORTIFY_SOURCE=2', '-O2', '-fvisibility-inlines-hidden', '-std=c++11', '-fmessage-length=0', '-march=nocona', '-mtune=haswell', '-ftree-vectorize', '-fPIC', '-fstack-protector-strong', '-O2', '-pipe', '-fno-strict-aliasing', '-march=nocona', '-mtune=haswell', '-ftree-vectorize', '-fPIC', '-fstack-protector-strong', '-fno-plt', '-fwrapv', '-fno-strict-aliasing', '-I/data/ssd1/yudongyang/software/anaconda3/envs/py27/include/python2.7', '-DNS3_ASSERT_ENABLE', '-DNS3_LOG_ENABLE', '-DPYTHONDIR="/usr/local/lib/python2.7/site-packages"', '-DPYTHONARCHDIR="/usr/local/lib/python2.7/site-packages"', '-DNDEBUG', '../test.cpp', '-c', '-o', 'test.cpp.1.o']
err: x86_64-conda_cos6-linux-gnu-c++: error: unrecognized command line option '-fno-plt'

from /data/ssd1/yudongyang/xiaodiwang/High-Precision-Congestion-Control/simulation/bindings/python: Test does not build: Traceback (most recent call last):
  File "/data/ssd1/yudongyang/xiaodiwang/High-Precision-Congestion-Control/simulation/.waf-1.7.11-edc6ccb516c5e3f9b892efc9f53a610f/waflib/Tools/c_config.py", line 459, in run_c_code
    bld.compile()
  File "/data/ssd1/yudongyang/xiaodiwang/High-Precision-Congestion-Control/simulation/.waf-1.7.11-edc6ccb516c5e3f9b892efc9f53a610f/waflib/Build.py", line 188, in compile
    raise Errors.BuildError(self.producer.error)
BuildError: Build failed
 -> task in 'testprog' failed (exit status 1): 
	{task 128411854498640: cxx test.cpp -> test.cpp.1.o}
['/data/ssd1/yudongyang/software/anaconda3/envs/py27/bin/x86_64-conda_cos6-linux-gnu-c++', '-DNDEBUG', '-D_FORTIFY_SOURCE=2', '-O2', '-fvisibility-inlines-hidden', '-std=c++11', '-fmessage-length=0', '-march=nocona', '-mtune=haswell', '-ftree-vectorize', '-fPIC', '-fstack-protector-strong', '-O2', '-pipe', '-fno-strict-aliasing', '-march=nocona', '-mtune=haswell', '-ftree-vectorize', '-fPIC', '-fstack-protector-strong', '-fno-plt', '-fwrapv', '-fno-strict-aliasing', '-I/data/ssd1/yudongyang/software/anaconda3/envs/py27/include/python2.7', '-DNS3_ASSERT_ENABLE', '-DNS3_LOG_ENABLE', '-DPYTHONDIR="/usr/local/lib/python2.7/site-packages"', '-DPYTHONARCHDIR="/usr/local/lib/python2.7/site-packages"', '-DNDEBUG', '../test.cpp', '-c', '-o', 'test.cpp.1.o']

:-(
from /data/ssd1/yudongyang/xiaodiwang/High-Precision-Congestion-Control/simulation/bindings/python: The configuration failed
----------------------------------------------------------------------------------------------------------------------------------------------
Asking python-config for pyembed --cflags flags
['/data/ssd1/yudongyang/software/anaconda3/envs/py27/bin/python-config', '--cflags']
out: -I/data/ssd1/yudongyang/software/anaconda3/envs/py27/include/python2.7 -I/data/ssd1/yudongyang/software/anaconda3/envs/py27/include/python2.7 -fno-strict-aliasing -march=nocona -mtune=haswell -ftree-vectorize -fPIC -fstack-protector-strong -fno-plt -O3 -pipe -DNDEBUG -fwrapv -O3 -Wall -Wstrict-prototypes

yes
----------------------------------------------------------------------------------------------------------------------------------------------
Asking python-config for pyembed --libs flags
['/data/ssd1/yudongyang/software/anaconda3/envs/py27/bin/python-config', '--libs']
out: -lpython2.7 -lpthread -ldl -lutil -lm

yes
----------------------------------------------------------------------------------------------------------------------------------------------
Asking python-config for pyembed --ldflags flags
['/data/ssd1/yudongyang/software/anaconda3/envs/py27/bin/python-config', '--ldflags']
out: -lpython2.7 -lpthread -ldl -lutil -lm -Xlinker -export-dynamic

yes
----------------------------------------------------------------------------------------------------------------------------------------------
Getting pyembed flags from python-config
==>

#include <Python.h>
#ifdef __cplusplus
extern "C" {
#endif
	void Py_Initialize(void);
	void Py_Finalize(void);
#ifdef __cplusplus
}
#endif
int main(int argc, char **argv)
{
   (void)argc; (void)argv;
   Py_Initialize();
   Py_Finalize();
   return 0;
}

<==
[1/2] [32mcxx: build/.conf_check_9f22aca0d871aa3f9124d6da6fc5dbf1/test.cpp -> build/.conf_check_9f22aca0d871aa3f9124d6da6fc5dbf1/testbuild/test.cpp.1.o
[0m
['/data/ssd1/yudongyang/software/anaconda3/envs/py27/bin/x86_64-conda_cos6-linux-gnu-c++', '-DNDEBUG', '-D_FORTIFY_SOURCE=2', '-O2', '-fvisibility-inlines-hidden', '-std=c++11', '-fmessage-length=0', '-march=nocona', '-mtune=haswell', '-ftree-vectorize', '-fPIC', '-fstack-protector-strong', '-O2', '-pipe', '-fno-strict-aliasing', '-march=nocona', '-mtune=haswell', '-ftree-vectorize', '-fPIC', '-fstack-protector-strong', '-fno-plt', '-fwrapv', '-fno-strict-aliasing', '-fno-strict-aliasing', '-march=nocona', '-mtune=haswell', '-ftree-vectorize', '-fPIC', '-fstack-protector-strong', '-fno-plt', '-fwrapv', '-I/data/ssd1/yudongyang/software/anaconda3/envs/py27/include/python2.7', '-DNS3_ASSERT_ENABLE', '-DNS3_LOG_ENABLE', '-DPYTHONDIR="/usr/local/lib/python2.7/site-packages"', '-DPYTHONARCHDIR="/usr/local/lib/python2.7/site-packages"', '-DHAVE_PYEMBED=1', '-DNDEBUG', '-DNDEBUG', '../test.cpp', '-c', '-o', 'test.cpp.1.o']
err: x86_64-conda_cos6-linux-gnu-c++: error: unrecognized command line option '-fno-plt'
x86_64-conda_cos6-linux-gnu-c++: error: unrecognized command line option '-fno-plt'

from /data/ssd1/yudongyang/xiaodiwang/High-Precision-Congestion-Control/simulation/bindings/python: Test does not build: Traceback (most recent call last):
  File "/data/ssd1/yudongyang/xiaodiwang/High-Precision-Congestion-Control/simulation/.waf-1.7.11-edc6ccb516c5e3f9b892efc9f53a610f/waflib/Tools/c_config.py", line 459, in run_c_code
    bld.compile()
  File "/data/ssd1/yudongyang/xiaodiwang/High-Precision-Congestion-Control/simulation/.waf-1.7.11-edc6ccb516c5e3f9b892efc9f53a610f/waflib/Build.py", line 188, in compile
    raise Errors.BuildError(self.producer.error)
BuildError: Build failed
 -> task in 'testprog' failed (exit status 1): 
	{task 128411854818256: cxx test.cpp -> test.cpp.1.o}
['/data/ssd1/yudongyang/software/anaconda3/envs/py27/bin/x86_64-conda_cos6-linux-gnu-c++', '-DNDEBUG', '-D_FORTIFY_SOURCE=2', '-O2', '-fvisibility-inlines-hidden', '-std=c++11', '-fmessage-length=0', '-march=nocona', '-mtune=haswell', '-ftree-vectorize', '-fPIC', '-fstack-protector-strong', '-O2', '-pipe', '-fno-strict-aliasing', '-march=nocona', '-mtune=haswell', '-ftree-vectorize', '-fPIC', '-fstack-protector-strong', '-fno-plt', '-fwrapv', '-fno-strict-aliasing', '-fno-strict-aliasing', '-march=nocona', '-mtune=haswell', '-ftree-vectorize', '-fPIC', '-fstack-protector-strong', '-fno-plt', '-fwrapv', '-I/data/ssd1/yudongyang/software/anaconda3/envs/py27/include/python2.7', '-DNS3_ASSERT_ENABLE', '-DNS3_LOG_ENABLE', '-DPYTHONDIR="/usr/local/lib/python2.7/site-packages"', '-DPYTHONARCHDIR="/usr/local/lib/python2.7/site-packages"', '-DHAVE_PYEMBED=1', '-DNDEBUG', '-DNDEBUG', '../test.cpp', '-c', '-o', 'test.cpp.1.o']

Could not build a python embedded interpreter
from /data/ssd1/yudongyang/xiaodiwang/High-Precision-Congestion-Control/simulation/bindings/python: The configuration failed
----------------------------------------------------------------------------------------------------------------------------------------------
Checking boost includes
from /data/ssd1/yudongyang/xiaodiwang/High-Precision-Congestion-Control/simulation/src: headers not found, please provide a --boost-includes argument (see help)
not found
----------------------------------------------------------------------------------------------------------------------------------------------
Checking boost includes
from /data/ssd1/yudongyang/xiaodiwang/High-Precision-Congestion-Control/simulation/src: headers not found, please provide a --boost-includes argument (see help)
not found
----------------------------------------------------------------------------------------------------------------------------------------------
Checking for click location
not found
----------------------------------------------------------------------------------------------------------------------------------------------
Checking for program pkg-config
not found
find program=['pkg-config'] paths=['/data/ssd1/yudongyang/software/anaconda3/envs/py27/bin', '/home/yudongyang/bin', '/bin', '/lib', '/data/ssd1/yudongyang/software/anaconda3/condabin', '/usr/local/cuda-12.6/bin', '/usr/local/sbin', '/usr/local/bin', '/usr/sbin', '/usr/bin', '/sbin', '/bin', '/usr/games', '/usr/local/games', '/snap/bin', '/data/ssd1/yudongyang/software/gurobi1200/linux64/bin'] var='PKGCONFIG' -> ''
from /data/ssd1/yudongyang/xiaodiwang/High-Precision-Congestion-Control/simulation/src/config-store: Could not find the program pkg-config
----------------------------------------------------------------------------------------------------------------------------------------------
Checking for program pkg-config
not found
find program=['pkg-config'] paths=['/data/ssd1/yudongyang/software/anaconda3/envs/py27/bin', '/home/yudongyang/bin', '/bin', '/lib', '/data/ssd1/yudongyang/software/anaconda3/condabin', '/usr/local/cuda-12.6/bin', '/usr/local/sbin', '/usr/local/bin', '/usr/sbin', '/usr/bin', '/sbin', '/bin', '/usr/games', '/usr/local/games', '/snap/bin', '/data/ssd1/yudongyang/software/gurobi1200/linux64/bin'] var='PKGCONFIG' -> ''
from /data/ssd1/yudongyang/xiaodiwang/High-Precision-Congestion-Control/simulation/src/config-store: Could not find the program pkg-config
----------------------------------------------------------------------------------------------------------------------------------------------
Checking for type uint128_t
==>
#include <stdint.h>

int main(int argc, char **argv) {
	(void)argc; (void)argv;
	if ((uint128_t *) 0) return 0;
	if (sizeof (uint128_t)) return 0;
	return 1;
}

<==
[1/2] [32mcxx: build/.conf_check_656b178ce7442053dff90315b31a1cc5/test.cpp -> build/.conf_check_656b178ce7442053dff90315b31a1cc5/testbuild/test.cpp.1.o
[0m
['/data/ssd1/yudongyang/software/anaconda3/envs/py27/bin/x86_64-conda_cos6-linux-gnu-c++', '-DNDEBUG', '-D_FORTIFY_SOURCE=2', '-O2', '-fvisibility-inlines-hidden', '-std=c++11', '-fmessage-length=0', '-march=nocona', '-mtune=haswell', '-ftree-vectorize', '-fPIC', '-fstack-protector-strong', '-O2', '-pipe', '-DNS3_ASSERT_ENABLE', '-DNS3_LOG_ENABLE', '../test.cpp', '-c', '-o', 'test.cpp.1.o']
err: ../test.cpp: In function 'int main(int, char**)':
../test.cpp:5:7: error: 'uint128_t' was not declared in this scope
  if ((uint128_t *) 0) return 0;
       ^
../test.cpp:5:18: error: expected primary-expression before ')' token
  if ((uint128_t *) 0) return 0;
                  ^
../test.cpp:5:20: error: expected ')' before numeric constant
  if ((uint128_t *) 0) return 0;
                    ^
../test.cpp:6:14: error: 'uint128_t' was not declared in this scope
  if (sizeof (uint128_t)) return 0;
              ^

from /data/ssd1/yudongyang/xiaodiwang/High-Precision-Congestion-Control/simulation/src/core: Test does not build: Traceback (most recent call last):
  File "/data/ssd1/yudongyang/xiaodiwang/High-Precision-Congestion-Control/simulation/.waf-1.7.11-edc6ccb516c5e3f9b892efc9f53a610f/waflib/Tools/c_config.py", line 459, in run_c_code
    bld.compile()
  File "/data/ssd1/yudongyang/xiaodiwang/High-Precision-Congestion-Control/simulation/.waf-1.7.11-edc6ccb516c5e3f9b892efc9f53a610f/waflib/Build.py", line 188, in compile
    raise Errors.BuildError(self.producer.error)
BuildError: Build failed
 -> task in 'testprog' failed (exit status 1): 
	{task 128411855168976: cxx test.cpp -> test.cpp.1.o}
['/data/ssd1/yudongyang/software/anaconda3/envs/py27/bin/x86_64-conda_cos6-linux-gnu-c++', '-DNDEBUG', '-D_FORTIFY_SOURCE=2', '-O2', '-fvisibility-inlines-hidden', '-std=c++11', '-fmessage-length=0', '-march=nocona', '-mtune=haswell', '-ftree-vectorize', '-fPIC', '-fstack-protector-strong', '-O2', '-pipe', '-DNS3_ASSERT_ENABLE', '-DNS3_LOG_ENABLE', '../test.cpp', '-c', '-o', 'test.cpp.1.o']

not found
from /data/ssd1/yudongyang/xiaodiwang/High-Precision-Congestion-Control/simulation/src/core: The configuration failed
----------------------------------------------------------------------------------------------------------------------------------------------
Checking for type __uint128_t
==>
#include <stdint.h>

int main(int argc, char **argv) {
	(void)argc; (void)argv;
	if ((__uint128_t *) 0) return 0;
	if (sizeof (__uint128_t)) return 0;
	return 1;
}

<==
[1/2] [32mcxx: build/.conf_check_ace1886511f08627ee2e4ca020806295/test.cpp -> build/.conf_check_ace1886511f08627ee2e4ca020806295/testbuild/test.cpp.1.o
[0m
['/data/ssd1/yudongyang/software/anaconda3/envs/py27/bin/x86_64-conda_cos6-linux-gnu-c++', '-DNDEBUG', '-D_FORTIFY_SOURCE=2', '-O2', '-fvisibility-inlines-hidden', '-std=c++11', '-fmessage-length=0', '-march=nocona', '-mtune=haswell', '-ftree-vectorize', '-fPIC', '-fstack-protector-strong', '-O2', '-pipe', '-DNS3_ASSERT_ENABLE', '-DNS3_LOG_ENABLE', '../test.cpp', '-c', '-o', 'test.cpp.1.o']
[2/2] [33mcxxprogram: build/.conf_check_ace1886511f08627ee2e4ca020806295/testbuild/test.cpp.1.o -> build/.conf_check_ace1886511f08627ee2e4ca020806295/testbuild/testprog
[0m
['/data/ssd1/yudongyang/software/anaconda3/envs/py27/bin/x86_64-conda_cos6-linux-gnu-c++', '-Wl,-O2', '-Wl,--sort-common', '-Wl,--as-needed', '-Wl,-z,relro', '-Wl,-z,now', '-Wl,-O2', '-Wl,--sort-common', '-Wl,--as-needed', '-Wl,-z,relro', '-Wl,-z,now', 'test.cpp.1.o', '-o', '/data/ssd1/yudongyang/xiaodiwang/High-Precision-Congestion-Control/simulation/build/.conf_check_ace1886511f08627ee2e4ca020806295/testbuild/testprog', '-Wl,-Bstatic', '-Wl,-Bdynamic']
yes
----------------------------------------------------------------------------------------------------------------------------------------------
Checking high precision time implementation
128-bit integer
----------------------------------------------------------------------------------------------------------------------------------------------
Checking for header stdint.h
==>
#include <stdint.h>

int main(int argc, char **argv) {
	(void)argc; (void)argv;
	return 0;
}

<==
[1/2] [32mcxx: build/.conf_check_fa0c4ec9c63ac505501cc0863d9bdc48/test.cpp -> build/.conf_check_fa0c4ec9c63ac505501cc0863d9bdc48/testbuild/test.cpp.1.o
[0m
['/data/ssd1/yudongyang/software/anaconda3/envs/py27/bin/x86_64-conda_cos6-linux-gnu-c++', '-DNDEBUG', '-D_FORTIFY_SOURCE=2', '-O2', '-fvisibility-inlines-hidden', '-std=c++11', '-fmessage-length=0', '-march=nocona', '-mtune=haswell', '-ftree-vectorize', '-fPIC', '-fstack-protector-strong', '-O2', '-pipe', '-DNS3_ASSERT_ENABLE', '-DNS3_LOG_ENABLE', '-DHAVE___UINT128_T=1', '-DINT64X64_USE_128=1', '../test.cpp', '-c', '-o', 'test.cpp.1.o']
[2/2] [33mcxxprogram: build/.conf_check_fa0c4ec9c63ac505501cc0863d9bdc48/testbuild/test.cpp.1.o -> build/.conf_check_fa0c4ec9c63ac505501cc0863d9bdc48/testbuild/testprog
[0m
['/data/ssd1/yudongyang/software/anaconda3/envs/py27/bin/x86_64-conda_cos6-linux-gnu-c++', '-Wl,-O2', '-Wl,--sort-common', '-Wl,--as-needed', '-Wl,-z,relro', '-Wl,-z,now', '-Wl,-O2', '-Wl,--sort-common', '-Wl,--as-needed', '-Wl,-z,relro', '-Wl,-z,now', 'test.cpp.1.o', '-o', '/data/ssd1/yudongyang/xiaodiwang/High-Precision-Congestion-Control/simulation/build/.conf_check_fa0c4ec9c63ac505501cc0863d9bdc48/testbuild/testprog', '-Wl,-Bstatic', '-Wl,-Bdynamic']
yes
----------------------------------------------------------------------------------------------------------------------------------------------
Checking for header inttypes.h
==>
#include <inttypes.h>

int main(int argc, char **argv) {
	(void)argc; (void)argv;
	return 0;
}

<==
[1/2] [32mcxx: build/.conf_check_7c67b81911f8bf0aede92c843d0e47cf/test.cpp -> build/.conf_check_7c67b81911f8bf0aede92c843d0e47cf/testbuild/test.cpp.1.o
[0m
['/data/ssd1/yudongyang/software/anaconda3/envs/py27/bin/x86_64-conda_cos6-linux-gnu-c++', '-DNDEBUG', '-D_FORTIFY_SOURCE=2', '-O2', '-fvisibility-inlines-hidden', '-std=c++11', '-fmessage-length=0', '-march=nocona', '-mtune=haswell', '-ftree-vectorize', '-fPIC', '-fstack-protector-strong', '-O2', '-pipe', '-DNS3_ASSERT_ENABLE', '-DNS3_LOG_ENABLE', '-DHAVE___UINT128_T=1', '-DINT64X64_USE_128=1', '-DHAVE_STDINT_H=1', '../test.cpp', '-c', '-o', 'test.cpp.1.o']
[2/2] [33mcxxprogram: build/.conf_check_7c67b81911f8bf0aede92c843d0e47cf/testbuild/test.cpp.1.o -> build/.conf_check_7c67b81911f8bf0aede92c843d0e47cf/testbuild/testprog
[0m
['/data/ssd1/yudongyang/software/anaconda3/envs/py27/bin/x86_64-conda_cos6-linux-gnu-c++', '-Wl,-O2', '-Wl,--sort-common', '-Wl,--as-needed', '-Wl,-z,relro', '-Wl,-z,now', '-Wl,-O2', '-Wl,--sort-common', '-Wl,--as-needed', '-Wl,-z,relro', '-Wl,-z,now', 'test.cpp.1.o', '-o', '/data/ssd1/yudongyang/xiaodiwang/High-Precision-Congestion-Control/simulation/build/.conf_check_7c67b81911f8bf0aede92c843d0e47cf/testbuild/testprog', '-Wl,-Bstatic', '-Wl,-Bdynamic']
yes
----------------------------------------------------------------------------------------------------------------------------------------------
Checking for header sys/inttypes.h
==>
#include <sys/inttypes.h>

int main(int argc, char **argv) {
	(void)argc; (void)argv;
	return 0;
}

<==
[1/2] [32mcxx: build/.conf_check_61ecbfef21667d45a28decabe37fdf64/test.cpp -> build/.conf_check_61ecbfef21667d45a28decabe37fdf64/testbuild/test.cpp.1.o
[0m
['/data/ssd1/yudongyang/software/anaconda3/envs/py27/bin/x86_64-conda_cos6-linux-gnu-c++', '-DNDEBUG', '-D_FORTIFY_SOURCE=2', '-O2', '-fvisibility-inlines-hidden', '-std=c++11', '-fmessage-length=0', '-march=nocona', '-mtune=haswell', '-ftree-vectorize', '-fPIC', '-fstack-protector-strong', '-O2', '-pipe', '-DNS3_ASSERT_ENABLE', '-DNS3_LOG_ENABLE', '-DHAVE___UINT128_T=1', '-DINT64X64_USE_128=1', '-DHAVE_STDINT_H=1', '-DHAVE_INTTYPES_H=1', '../test.cpp', '-c', '-o', 'test.cpp.1.o']
err: ../test.cpp:1:26: fatal error: sys/inttypes.h: No such file or directory
compilation terminated.

from /data/ssd1/yudongyang/xiaodiwang/High-Precision-Congestion-Control/simulation/src/core: Test does not build: Traceback (most recent call last):
  File "/data/ssd1/yudongyang/xiaodiwang/High-Precision-Congestion-Control/simulation/.waf-1.7.11-edc6ccb516c5e3f9b892efc9f53a610f/waflib/Tools/c_config.py", line 459, in run_c_code
    bld.compile()
  File "/data/ssd1/yudongyang/xiaodiwang/High-Precision-Congestion-Control/simulation/.waf-1.7.11-edc6ccb516c5e3f9b892efc9f53a610f/waflib/Build.py", line 188, in compile
    raise Errors.BuildError(self.producer.error)
BuildError: Build failed
 -> task in 'testprog' failed (exit status 1): 
	{task 128411850273744: cxx test.cpp -> test.cpp.1.o}
['/data/ssd1/yudongyang/software/anaconda3/envs/py27/bin/x86_64-conda_cos6-linux-gnu-c++', '-DNDEBUG', '-D_FORTIFY_SOURCE=2', '-O2', '-fvisibility-inlines-hidden', '-std=c++11', '-fmessage-length=0', '-march=nocona', '-mtune=haswell', '-ftree-vectorize', '-fPIC', '-fstack-protector-strong', '-O2', '-pipe', '-DNS3_ASSERT_ENABLE', '-DNS3_LOG_ENABLE', '-DHAVE___UINT128_T=1', '-DINT64X64_USE_128=1', '-DHAVE_STDINT_H=1', '-DHAVE_INTTYPES_H=1', '../test.cpp', '-c', '-o', 'test.cpp.1.o']

not found
from /data/ssd1/yudongyang/xiaodiwang/High-Precision-Congestion-Control/simulation/src/core: The configuration failed
----------------------------------------------------------------------------------------------------------------------------------------------
Checking for header sys/types.h
==>
#include <sys/types.h>

int main(int argc, char **argv) {
	(void)argc; (void)argv;
	return 0;
}

<==
[1/2] [32mcxx: build/.conf_check_8d38681417ac64f5b5b7d4ca87b0e4f3/test.cpp -> build/.conf_check_8d38681417ac64f5b5b7d4ca87b0e4f3/testbuild/test.cpp.1.o
[0m
['/data/ssd1/yudongyang/software/anaconda3/envs/py27/bin/x86_64-conda_cos6-linux-gnu-c++', '-DNDEBUG', '-D_FORTIFY_SOURCE=2', '-O2', '-fvisibility-inlines-hidden', '-std=c++11', '-fmessage-length=0', '-march=nocona', '-mtune=haswell', '-ftree-vectorize', '-fPIC', '-fstack-protector-strong', '-O2', '-pipe', '-DNS3_ASSERT_ENABLE', '-DNS3_LOG_ENABLE', '-DHAVE___UINT128_T=1', '-DINT64X64_USE_128=1', '-DHAVE_STDINT_H=1', '-DHAVE_INTTYPES_H=1', '../test.cpp', '-c', '-o', 'test.cpp.1.o']
[2/2] [33mcxxprogram: build/.conf_check_8d38681417ac64f5b5b7d4ca87b0e4f3/testbuild/test.cpp.1.o -> build/.conf_check_8d38681417ac64f5b5b7d4ca87b0e4f3/testbuild/testprog
[0m
['/data/ssd1/yudongyang/software/anaconda3/envs/py27/bin/x86_64-conda_cos6-linux-gnu-c++', '-Wl,-O2', '-Wl,--sort-common', '-Wl,--as-needed', '-Wl,-z,relro', '-Wl,-z,now', '-Wl,-O2', '-Wl,--sort-common', '-Wl,--as-needed', '-Wl,-z,relro', '-Wl,-z,now', 'test.cpp.1.o', '-o', '/data/ssd1/yudongyang/xiaodiwang/High-Precision-Congestion-Control/simulation/build/.conf_check_8d38681417ac64f5b5b7d4ca87b0e4f3/testbuild/testprog', '-Wl,-Bstatic', '-Wl,-Bdynamic']
yes
----------------------------------------------------------------------------------------------------------------------------------------------
Checking for header sys/stat.h
==>
#include <sys/stat.h>

int main(int argc, char **argv) {
	(void)argc; (void)argv;
	return 0;
}

<==
[1/2] [32mcxx: build/.conf_check_8dd79274749d59bf459dfbeb1200c7d7/test.cpp -> build/.conf_check_8dd79274749d59bf459dfbeb1200c7d7/testbuild/test.cpp.1.o
[0m
['/data/ssd1/yudongyang/software/anaconda3/envs/py27/bin/x86_64-conda_cos6-linux-gnu-c++', '-DNDEBUG', '-D_FORTIFY_SOURCE=2', '-O2', '-fvisibility-inlines-hidden', '-std=c++11', '-fmessage-length=0', '-march=nocona', '-mtune=haswell', '-ftree-vectorize', '-fPIC', '-fstack-protector-strong', '-O2', '-pipe', '-DNS3_ASSERT_ENABLE', '-DNS3_LOG_ENABLE', '-DHAVE___UINT128_T=1', '-DINT64X64_USE_128=1', '-DHAVE_STDINT_H=1', '-DHAVE_INTTYPES_H=1', '-DHAVE_SYS_TYPES_H=1', '../test.cpp', '-c', '-o', 'test.cpp.1.o']
[2/2] [33mcxxprogram: build/.conf_check_8dd79274749d59bf459dfbeb1200c7d7/testbuild/test.cpp.1.o -> build/.conf_check_8dd79274749d59bf459dfbeb1200c7d7/testbuild/testprog
[0m
['/data/ssd1/yudongyang/software/anaconda3/envs/py27/bin/x86_64-conda_cos6-linux-gnu-c++', '-Wl,-O2', '-Wl,--sort-common', '-Wl,--as-needed', '-Wl,-z,relro', '-Wl,-z,now', '-Wl,-O2', '-Wl,--sort-common', '-Wl,--as-needed', '-Wl,-z,relro', '-Wl,-z,now', 'test.cpp.1.o', '-o', '/data/ssd1/yudongyang/xiaodiwang/High-Precision-Congestion-Control/simulation/build/.conf_check_8dd79274749d59bf459dfbeb1200c7d7/testbuild/testprog', '-Wl,-Bstatic', '-Wl,-Bdynamic']
yes
----------------------------------------------------------------------------------------------------------------------------------------------
Checking for header dirent.h
==>
#include <dirent.h>

int main(int argc, char **argv) {
	(void)argc; (void)argv;
	return 0;
}

<==
[1/2] [32mcxx: build/.conf_check_c94d96928742c001335a0559791a93d8/test.cpp -> build/.conf_check_c94d96928742c001335a0559791a93d8/testbuild/test.cpp.1.o
[0m
['/data/ssd1/yudongyang/software/anaconda3/envs/py27/bin/x86_64-conda_cos6-linux-gnu-c++', '-DNDEBUG', '-D_FORTIFY_SOURCE=2', '-O2', '-fvisibility-inlines-hidden', '-std=c++11', '-fmessage-length=0', '-march=nocona', '-mtune=haswell', '-ftree-vectorize', '-fPIC', '-fstack-protector-strong', '-O2', '-pipe', '-DNS3_ASSERT_ENABLE', '-DNS3_LOG_ENABLE', '-DHAVE___UINT128_T=1', '-DINT64X64_USE_128=1', '-DHAVE_STDINT_H=1', '-DHAVE_INTTYPES_H=1', '-DHAVE_SYS_TYPES_H=1', '-DHAVE_SYS_STAT_H=1', '../test.cpp', '-c', '-o', 'test.cpp.1.o']
[2/2] [33mcxxprogram: build/.conf_check_c94d96928742c001335a0559791a93d8/testbuild/test.cpp.1.o -> build/.conf_check_c94d96928742c001335a0559791a93d8/testbuild/testprog
[0m
['/data/ssd1/yudongyang/software/anaconda3/envs/py27/bin/x86_64-conda_cos6-linux-gnu-c++', '-Wl,-O2', '-Wl,--sort-common', '-Wl,--as-needed', '-Wl,-z,relro', '-Wl,-z,now', '-Wl,-O2', '-Wl,--sort-common', '-Wl,--as-needed', '-Wl,-z,relro', '-Wl,-z,now', 'test.cpp.1.o', '-o', '/data/ssd1/yudongyang/xiaodiwang/High-Precision-Congestion-Control/simulation/build/.conf_check_c94d96928742c001335a0559791a93d8/testbuild/testprog', '-Wl,-Bstatic', '-Wl,-Bdynamic']
yes
----------------------------------------------------------------------------------------------------------------------------------------------
Checking for header stdlib.h
==>
#include <stdlib.h>

int main(int argc, char **argv) {
	(void)argc; (void)argv;
	return 0;
}

<==
[1/2] [32mcxx: build/.conf_check_3a82ef2f96ebcc67f6086c98d2e6291e/test.cpp -> build/.conf_check_3a82ef2f96ebcc67f6086c98d2e6291e/testbuild/test.cpp.1.o
[0m
['/data/ssd1/yudongyang/software/anaconda3/envs/py27/bin/x86_64-conda_cos6-linux-gnu-c++', '-DNDEBUG', '-D_FORTIFY_SOURCE=2', '-O2', '-fvisibility-inlines-hidden', '-std=c++11', '-fmessage-length=0', '-march=nocona', '-mtune=haswell', '-ftree-vectorize', '-fPIC', '-fstack-protector-strong', '-O2', '-pipe', '-DNS3_ASSERT_ENABLE', '-DNS3_LOG_ENABLE', '-DHAVE___UINT128_T=1', '-DINT64X64_USE_128=1', '-DHAVE_STDINT_H=1', '-DHAVE_INTTYPES_H=1', '-DHAVE_SYS_TYPES_H=1', '-DHAVE_SYS_STAT_H=1', '-DHAVE_DIRENT_H=1', '../test.cpp', '-c', '-o', 'test.cpp.1.o']
[2/2] [33mcxxprogram: build/.conf_check_3a82ef2f96ebcc67f6086c98d2e6291e/testbuild/test.cpp.1.o -> build/.conf_check_3a82ef2f96ebcc67f6086c98d2e6291e/testbuild/testprog
[0m
['/data/ssd1/yudongyang/software/anaconda3/envs/py27/bin/x86_64-conda_cos6-linux-gnu-c++', '-Wl,-O2', '-Wl,--sort-common', '-Wl,--as-needed', '-Wl,-z,relro', '-Wl,-z,now', '-Wl,-O2', '-Wl,--sort-common', '-Wl,--as-needed', '-Wl,-z,relro', '-Wl,-z,now', 'test.cpp.1.o', '-o', '/data/ssd1/yudongyang/xiaodiwang/High-Precision-Congestion-Control/simulation/build/.conf_check_3a82ef2f96ebcc67f6086c98d2e6291e/testbuild/testprog', '-Wl,-Bstatic', '-Wl,-Bdynamic']
yes
----------------------------------------------------------------------------------------------------------------------------------------------
Checking for header signal.h
==>
#include <signal.h>

int main(int argc, char **argv) {
	(void)argc; (void)argv;
	return 0;
}

<==
[1/2] [32mcxx: build/.conf_check_48955ac54d2136a572805353a7b9b62d/test.cpp -> build/.conf_check_48955ac54d2136a572805353a7b9b62d/testbuild/test.cpp.1.o
[0m
['/data/ssd1/yudongyang/software/anaconda3/envs/py27/bin/x86_64-conda_cos6-linux-gnu-c++', '-DNDEBUG', '-D_FORTIFY_SOURCE=2', '-O2', '-fvisibility-inlines-hidden', '-std=c++11', '-fmessage-length=0', '-march=nocona', '-mtune=haswell', '-ftree-vectorize', '-fPIC', '-fstack-protector-strong', '-O2', '-pipe', '-DNS3_ASSERT_ENABLE', '-DNS3_LOG_ENABLE', '-DHAVE___UINT128_T=1', '-DINT64X64_USE_128=1', '-DHAVE_STDINT_H=1', '-DHAVE_INTTYPES_H=1', '-DHAVE_SYS_TYPES_H=1', '-DHAVE_SYS_STAT_H=1', '-DHAVE_DIRENT_H=1', '-DHAVE_STDLIB_H=1', '-DHAVE_GETENV=1', '../test.cpp', '-c', '-o', 'test.cpp.1.o']
[2/2] [33mcxxprogram: build/.conf_check_48955ac54d2136a572805353a7b9b62d/testbuild/test.cpp.1.o -> build/.conf_check_48955ac54d2136a572805353a7b9b62d/testbuild/testprog
[0m
['/data/ssd1/yudongyang/software/anaconda3/envs/py27/bin/x86_64-conda_cos6-linux-gnu-c++', '-Wl,-O2', '-Wl,--sort-common', '-Wl,--as-needed', '-Wl,-z,relro', '-Wl,-z,now', '-Wl,-O2', '-Wl,--sort-common', '-Wl,--as-needed', '-Wl,-z,relro', '-Wl,-z,now', 'test.cpp.1.o', '-o', '/data/ssd1/yudongyang/xiaodiwang/High-Precision-Congestion-Control/simulation/build/.conf_check_48955ac54d2136a572805353a7b9b62d/testbuild/testprog', '-Wl,-Bstatic', '-Wl,-Bdynamic']
yes
----------------------------------------------------------------------------------------------------------------------------------------------
Checking for header pthread.h
==>

#include <pthread.h>
int main ()
{
   pthread_mutex_t m;
   pthread_mutex_init (&m, NULL);
   return 0;
}

<==
[1/2] [32mcxx: build/.conf_check_2be466e82e703a744ee152afe2b58299/test.cpp -> build/.conf_check_2be466e82e703a744ee152afe2b58299/testbuild/test.cpp.1.o
[0m
['/data/ssd1/yudongyang/software/anaconda3/envs/py27/bin/x86_64-conda_cos6-linux-gnu-c++', '-DNDEBUG', '-D_FORTIFY_SOURCE=2', '-O2', '-fvisibility-inlines-hidden', '-std=c++11', '-fmessage-length=0', '-march=nocona', '-mtune=haswell', '-ftree-vectorize', '-fPIC', '-fstack-protector-strong', '-O2', '-pipe', '-pthread', '-DNS3_ASSERT_ENABLE', '-DNS3_LOG_ENABLE', '-DHAVE___UINT128_T=1', '-DINT64X64_USE_128=1', '-DHAVE_STDINT_H=1', '-DHAVE_INTTYPES_H=1', '-DHAVE_SYS_TYPES_H=1', '-DHAVE_SYS_STAT_H=1', '-DHAVE_DIRENT_H=1', '-DHAVE_STDLIB_H=1', '-DHAVE_GETENV=1', '-DHAVE_SIGNAL_H=1', '../test.cpp', '-c', '-o', 'test.cpp.1.o']
[2/2] [33mcxxprogram: build/.conf_check_2be466e82e703a744ee152afe2b58299/testbuild/test.cpp.1.o -> build/.conf_check_2be466e82e703a744ee152afe2b58299/testbuild/testprog
[0m
['/data/ssd1/yudongyang/software/anaconda3/envs/py27/bin/x86_64-conda_cos6-linux-gnu-c++', '-Wl,-O2', '-Wl,--sort-common', '-Wl,--as-needed', '-Wl,-z,relro', '-Wl,-z,now', '-Wl,-O2', '-Wl,--sort-common', '-Wl,--as-needed', '-Wl,-z,relro', '-Wl,-z,now', '-pthread', 'test.cpp.1.o', '-o', '/data/ssd1/yudongyang/xiaodiwang/High-Precision-Congestion-Control/simulation/build/.conf_check_2be466e82e703a744ee152afe2b58299/testbuild/testprog', '-Wl,-Bstatic', '-Wl,-Bdynamic']
yes
----------------------------------------------------------------------------------------------------------------------------------------------
Checking for header stdint.h
==>
#include <stdint.h>

int main(int argc, char **argv) {
	(void)argc; (void)argv;
	return 0;
}

<==
[1/2] [32mcxx: build/.conf_check_fa0c4ec9c63ac505501cc0863d9bdc48/test.cpp -> build/.conf_check_fa0c4ec9c63ac505501cc0863d9bdc48/testbuild/test.cpp.1.o
[0m
['/data/ssd1/yudongyang/software/anaconda3/envs/py27/bin/x86_64-conda_cos6-linux-gnu-c++', '-DNDEBUG', '-D_FORTIFY_SOURCE=2', '-O2', '-fvisibility-inlines-hidden', '-std=c++11', '-fmessage-length=0', '-march=nocona', '-mtune=haswell', '-ftree-vectorize', '-fPIC', '-fstack-protector-strong', '-O2', '-pipe', '-DNS3_ASSERT_ENABLE', '-DNS3_LOG_ENABLE', '-DHAVE___UINT128_T=1', '-DINT64X64_USE_128=1', '-DHAVE_INTTYPES_H=1', '-DHAVE_SYS_TYPES_H=1', '-DHAVE_SYS_STAT_H=1', '-DHAVE_DIRENT_H=1', '-DHAVE_STDLIB_H=1', '-DHAVE_GETENV=1', '-DHAVE_SIGNAL_H=1', '-DHAVE_PTHREAD_H=1', '../test.cpp', '-c', '-o', 'test.cpp.1.o']
[2/2] [33mcxxprogram: build/.conf_check_fa0c4ec9c63ac505501cc0863d9bdc48/testbuild/test.cpp.1.o -> build/.conf_check_fa0c4ec9c63ac505501cc0863d9bdc48/testbuild/testprog
[0m
['/data/ssd1/yudongyang/software/anaconda3/envs/py27/bin/x86_64-conda_cos6-linux-gnu-c++', '-Wl,-O2', '-Wl,--sort-common', '-Wl,--as-needed', '-Wl,-z,relro', '-Wl,-z,now', '-Wl,-O2', '-Wl,--sort-common', '-Wl,--as-needed', '-Wl,-z,relro', '-Wl,-z,now', 'test.cpp.1.o', '-o', '/data/ssd1/yudongyang/xiaodiwang/High-Precision-Congestion-Control/simulation/build/.conf_check_fa0c4ec9c63ac505501cc0863d9bdc48/testbuild/testprog', '-Wl,-Bstatic', '-Wl,-Bdynamic']
yes
----------------------------------------------------------------------------------------------------------------------------------------------
Checking for header inttypes.h
==>
#include <inttypes.h>

int main(int argc, char **argv) {
	(void)argc; (void)argv;
	return 0;
}

<==
[1/2] [32mcxx: build/.conf_check_7c67b81911f8bf0aede92c843d0e47cf/test.cpp -> build/.conf_check_7c67b81911f8bf0aede92c843d0e47cf/testbuild/test.cpp.1.o
[0m
['/data/ssd1/yudongyang/software/anaconda3/envs/py27/bin/x86_64-conda_cos6-linux-gnu-c++', '-DNDEBUG', '-D_FORTIFY_SOURCE=2', '-O2', '-fvisibility-inlines-hidden', '-std=c++11', '-fmessage-length=0', '-march=nocona', '-mtune=haswell', '-ftree-vectorize', '-fPIC', '-fstack-protector-strong', '-O2', '-pipe', '-DNS3_ASSERT_ENABLE', '-DNS3_LOG_ENABLE', '-DHAVE___UINT128_T=1', '-DINT64X64_USE_128=1', '-DHAVE_SYS_TYPES_H=1', '-DHAVE_SYS_STAT_H=1', '-DHAVE_DIRENT_H=1', '-DHAVE_STDLIB_H=1', '-DHAVE_GETENV=1', '-DHAVE_SIGNAL_H=1', '-DHAVE_PTHREAD_H=1', '-DHAVE_STDINT_H=1', '../test.cpp', '-c', '-o', 'test.cpp.1.o']
[2/2] [33mcxxprogram: build/.conf_check_7c67b81911f8bf0aede92c843d0e47cf/testbuild/test.cpp.1.o -> build/.conf_check_7c67b81911f8bf0aede92c843d0e47cf/testbuild/testprog
[0m
['/data/ssd1/yudongyang/software/anaconda3/envs/py27/bin/x86_64-conda_cos6-linux-gnu-c++', '-Wl,-O2', '-Wl,--sort-common', '-Wl,--as-needed', '-Wl,-z,relro', '-Wl,-z,now', '-Wl,-O2', '-Wl,--sort-common', '-Wl,--as-needed', '-Wl,-z,relro', '-Wl,-z,now', 'test.cpp.1.o', '-o', '/data/ssd1/yudongyang/xiaodiwang/High-Precision-Congestion-Control/simulation/build/.conf_check_7c67b81911f8bf0aede92c843d0e47cf/testbuild/testprog', '-Wl,-Bstatic', '-Wl,-Bdynamic']
yes
----------------------------------------------------------------------------------------------------------------------------------------------
Checking for header sys/inttypes.h
==>
#include <sys/inttypes.h>

int main(int argc, char **argv) {
	(void)argc; (void)argv;
	return 0;
}

<==
[1/2] [32mcxx: build/.conf_check_61ecbfef21667d45a28decabe37fdf64/test.cpp -> build/.conf_check_61ecbfef21667d45a28decabe37fdf64/testbuild/test.cpp.1.o
[0m
['/data/ssd1/yudongyang/software/anaconda3/envs/py27/bin/x86_64-conda_cos6-linux-gnu-c++', '-DNDEBUG', '-D_FORTIFY_SOURCE=2', '-O2', '-fvisibility-inlines-hidden', '-std=c++11', '-fmessage-length=0', '-march=nocona', '-mtune=haswell', '-ftree-vectorize', '-fPIC', '-fstack-protector-strong', '-O2', '-pipe', '-DNS3_ASSERT_ENABLE', '-DNS3_LOG_ENABLE', '-DHAVE___UINT128_T=1', '-DINT64X64_USE_128=1', '-DHAVE_SYS_TYPES_H=1', '-DHAVE_SYS_STAT_H=1', '-DHAVE_DIRENT_H=1', '-DHAVE_STDLIB_H=1', '-DHAVE_GETENV=1', '-DHAVE_SIGNAL_H=1', '-DHAVE_PTHREAD_H=1', '-DHAVE_STDINT_H=1', '-DHAVE_INTTYPES_H=1', '../test.cpp', '-c', '-o', 'test.cpp.1.o']
err: ../test.cpp:1:26: fatal error: sys/inttypes.h: No such file or directory
compilation terminated.

from /data/ssd1/yudongyang/xiaodiwang/High-Precision-Congestion-Control/simulation/src/core: Test does not build: Traceback (most recent call last):
  File "/data/ssd1/yudongyang/xiaodiwang/High-Precision-Congestion-Control/simulation/.waf-1.7.11-edc6ccb516c5e3f9b892efc9f53a610f/waflib/Tools/c_config.py", line 459, in run_c_code
    bld.compile()
  File "/data/ssd1/yudongyang/xiaodiwang/High-Precision-Congestion-Control/simulation/.waf-1.7.11-edc6ccb516c5e3f9b892efc9f53a610f/waflib/Build.py", line 188, in compile
    raise Errors.BuildError(self.producer.error)
BuildError: Build failed
 -> task in 'testprog' failed (exit status 1): 
	{task 128411850297616: cxx test.cpp -> test.cpp.1.o}
['/data/ssd1/yudongyang/software/anaconda3/envs/py27/bin/x86_64-conda_cos6-linux-gnu-c++', '-DNDEBUG', '-D_FORTIFY_SOURCE=2', '-O2', '-fvisibility-inlines-hidden', '-std=c++11', '-fmessage-length=0', '-march=nocona', '-mtune=haswell', '-ftree-vectorize', '-fPIC', '-fstack-protector-strong', '-O2', '-pipe', '-DNS3_ASSERT_ENABLE', '-DNS3_LOG_ENABLE', '-DHAVE___UINT128_T=1', '-DINT64X64_USE_128=1', '-DHAVE_SYS_TYPES_H=1', '-DHAVE_SYS_STAT_H=1', '-DHAVE_DIRENT_H=1', '-DHAVE_STDLIB_H=1', '-DHAVE_GETENV=1', '-DHAVE_SIGNAL_H=1', '-DHAVE_PTHREAD_H=1', '-DHAVE_STDINT_H=1', '-DHAVE_INTTYPES_H=1', '../test.cpp', '-c', '-o', 'test.cpp.1.o']

not found
from /data/ssd1/yudongyang/xiaodiwang/High-Precision-Congestion-Control/simulation/src/core: The configuration failed
----------------------------------------------------------------------------------------------------------------------------------------------
Checking for library rt
==>

int main(int argc, char **argv) {
	(void)argc; (void)argv;
	return 0;
}

<==
[1/2] [32mcxx: build/.conf_check_5ef57bc0d8aa3565949b6ce1186fd4a7/test.cpp -> build/.conf_check_5ef57bc0d8aa3565949b6ce1186fd4a7/testbuild/test.cpp.1.o
[0m
['/data/ssd1/yudongyang/software/anaconda3/envs/py27/bin/x86_64-conda_cos6-linux-gnu-c++', '-DNDEBUG', '-D_FORTIFY_SOURCE=2', '-O2', '-fvisibility-inlines-hidden', '-std=c++11', '-fmessage-length=0', '-march=nocona', '-mtune=haswell', '-ftree-vectorize', '-fPIC', '-fstack-protector-strong', '-O2', '-pipe', '-pthread', '-DNS3_ASSERT_ENABLE', '-DNS3_LOG_ENABLE', '-DHAVE___UINT128_T=1', '-DINT64X64_USE_128=1', '-DHAVE_SYS_TYPES_H=1', '-DHAVE_SYS_STAT_H=1', '-DHAVE_DIRENT_H=1', '-DHAVE_STDLIB_H=1', '-DHAVE_GETENV=1', '-DHAVE_SIGNAL_H=1', '-DHAVE_PTHREAD_H=1', '-DHAVE_STDINT_H=1', '-DHAVE_INTTYPES_H=1', '../test.cpp', '-c', '-o', 'test.cpp.1.o']
[2/2] [33mcxxprogram: build/.conf_check_5ef57bc0d8aa3565949b6ce1186fd4a7/testbuild/test.cpp.1.o -> build/.conf_check_5ef57bc0d8aa3565949b6ce1186fd4a7/testbuild/testprog
[0m
['/data/ssd1/yudongyang/software/anaconda3/envs/py27/bin/x86_64-conda_cos6-linux-gnu-c++', '-Wl,-O2', '-Wl,--sort-common', '-Wl,--as-needed', '-Wl,-z,relro', '-Wl,-z,now', '-Wl,-O2', '-Wl,--sort-common', '-Wl,--as-needed', '-Wl,-z,relro', '-Wl,-z,now', '-pthread', 'test.cpp.1.o', '-o', '/data/ssd1/yudongyang/xiaodiwang/High-Precision-Congestion-Control/simulation/build/.conf_check_5ef57bc0d8aa3565949b6ce1186fd4a7/testbuild/testprog', '-Wl,-Bstatic', '-Wl,-Bdynamic', '-lrt']
yes
----------------------------------------------------------------------------------------------------------------------------------------------
Checking for header netpacket/packet.h
==>
#include <netpacket/packet.h>

int main(int argc, char **argv) {
	(void)argc; (void)argv;
	return 0;
}

<==
[1/2] [32mcxx: build/.conf_check_f00bb2460dc7019f64c1a347be5879fa/test.cpp -> build/.conf_check_f00bb2460dc7019f64c1a347be5879fa/testbuild/test.cpp.1.o
[0m
['/data/ssd1/yudongyang/software/anaconda3/envs/py27/bin/x86_64-conda_cos6-linux-gnu-c++', '-DNDEBUG', '-D_FORTIFY_SOURCE=2', '-O2', '-fvisibility-inlines-hidden', '-std=c++11', '-fmessage-length=0', '-march=nocona', '-mtune=haswell', '-ftree-vectorize', '-fPIC', '-fstack-protector-strong', '-O2', '-pipe', '-DNS3_ASSERT_ENABLE', '-DNS3_LOG_ENABLE', '../test.cpp', '-c', '-o', 'test.cpp.1.o']
[2/2] [33mcxxprogram: build/.conf_check_f00bb2460dc7019f64c1a347be5879fa/testbuild/test.cpp.1.o -> build/.conf_check_f00bb2460dc7019f64c1a347be5879fa/testbuild/testprog
[0m
['/data/ssd1/yudongyang/software/anaconda3/envs/py27/bin/x86_64-conda_cos6-linux-gnu-c++', '-Wl,-O2', '-Wl,--sort-common', '-Wl,--as-needed', '-Wl,-z,relro', '-Wl,-z,now', '-Wl,-O2', '-Wl,--sort-common', '-Wl,--as-needed', '-Wl,-z,relro', '-Wl,-z,now', 'test.cpp.1.o', '-o', '/data/ssd1/yudongyang/xiaodiwang/High-Precision-Congestion-Control/simulation/build/.conf_check_f00bb2460dc7019f64c1a347be5879fa/testbuild/testprog', '-Wl,-Bstatic', '-Wl,-Bdynamic']
yes
----------------------------------------------------------------------------------------------------------------------------------------------
Checking for NSC location
not found
----------------------------------------------------------------------------------------------------------------------------------------------
Checking for program pkg-config
not found
find program=['pkg-config'] paths=['/data/ssd1/yudongyang/software/anaconda3/envs/py27/bin', '/home/yudongyang/bin', '/bin', '/lib', '/data/ssd1/yudongyang/software/anaconda3/condabin', '/usr/local/cuda-12.6/bin', '/usr/local/sbin', '/usr/local/bin', '/usr/sbin', '/usr/bin', '/sbin', '/bin', '/usr/games', '/usr/local/games', '/snap/bin', '/data/ssd1/yudongyang/software/gurobi1200/linux64/bin'] var='PKGCONFIG' -> ''
from /data/ssd1/yudongyang/xiaodiwang/High-Precision-Congestion-Control/simulation/src/stats: Could not find the program pkg-config
----------------------------------------------------------------------------------------------------------------------------------------------
Checking for header linux/if_tun.h
==>
#include <linux/if_tun.h>

int main(int argc, char **argv) {
	(void)argc; (void)argv;
	return 0;
}

<==
[1/2] [32mcxx: build/.conf_check_79f849e1774b3cde8897857e178c7c8c/test.cpp -> build/.conf_check_79f849e1774b3cde8897857e178c7c8c/testbuild/test.cpp.1.o
[0m
['/data/ssd1/yudongyang/software/anaconda3/envs/py27/bin/x86_64-conda_cos6-linux-gnu-c++', '-DNDEBUG', '-D_FORTIFY_SOURCE=2', '-O2', '-fvisibility-inlines-hidden', '-std=c++11', '-fmessage-length=0', '-march=nocona', '-mtune=haswell', '-ftree-vectorize', '-fPIC', '-fstack-protector-strong', '-O2', '-pipe', '-DNS3_ASSERT_ENABLE', '-DNS3_LOG_ENABLE', '-DHAVE_PACKET_H=1', '../test.cpp', '-c', '-o', 'test.cpp.1.o']
[2/2] [33mcxxprogram: build/.conf_check_79f849e1774b3cde8897857e178c7c8c/testbuild/test.cpp.1.o -> build/.conf_check_79f849e1774b3cde8897857e178c7c8c/testbuild/testprog
[0m
['/data/ssd1/yudongyang/software/anaconda3/envs/py27/bin/x86_64-conda_cos6-linux-gnu-c++', '-Wl,-O2', '-Wl,--sort-common', '-Wl,--as-needed', '-Wl,-z,relro', '-Wl,-z,now', '-Wl,-O2', '-Wl,--sort-common', '-Wl,--as-needed', '-Wl,-z,relro', '-Wl,-z,now', 'test.cpp.1.o', '-o', '/data/ssd1/yudongyang/xiaodiwang/High-Precision-Congestion-Control/simulation/build/.conf_check_79f849e1774b3cde8897857e178c7c8c/testbuild/testprog', '-Wl,-Bstatic', '-Wl,-Bdynamic']
yes
----------------------------------------------------------------------------------------------------------------------------------------------
Checking for program sudo
/bin/sudo
find program=['sudo'] paths=['/data/ssd1/yudongyang/software/anaconda3/envs/py27/bin', '/home/yudongyang/bin', '/bin', '/lib', '/data/ssd1/yudongyang/software/anaconda3/condabin', '/usr/local/cuda-12.6/bin', '/usr/local/sbin', '/usr/local/bin', '/usr/sbin', '/usr/bin', '/sbin', '/bin', '/usr/games', '/usr/local/games', '/snap/bin', '/data/ssd1/yudongyang/software/gurobi1200/linux64/bin'] var='SUDO' -> '/bin/sudo'
----------------------------------------------------------------------------------------------------------------------------------------------
Checking for program valgrind
not found
find program=['valgrind'] paths=['/data/ssd1/yudongyang/software/anaconda3/envs/py27/bin', '/home/yudongyang/bin', '/bin', '/lib', '/data/ssd1/yudongyang/software/anaconda3/condabin', '/usr/local/cuda-12.6/bin', '/usr/local/sbin', '/usr/local/bin', '/usr/sbin', '/usr/bin', '/sbin', '/bin', '/usr/games', '/usr/local/games', '/snap/bin', '/data/ssd1/yudongyang/software/gurobi1200/linux64/bin'] var='VALGRIND' -> ''
from /data/ssd1/yudongyang/xiaodiwang/High-Precision-Congestion-Control/simulation: Could not find the program valgrind
----------------------------------------------------------------------------------------------------------------------------------------------
Checking for program pkg-config
not found
find program=['pkg-config'] paths=['/data/ssd1/yudongyang/software/anaconda3/envs/py27/bin', '/home/yudongyang/bin', '/bin', '/lib', '/data/ssd1/yudongyang/software/anaconda3/condabin', '/usr/local/cuda-12.6/bin', '/usr/local/sbin', '/usr/local/bin', '/usr/sbin', '/usr/bin', '/sbin', '/bin', '/usr/games', '/usr/local/games', '/snap/bin', '/data/ssd1/yudongyang/software/gurobi1200/linux64/bin'] var='PKGCONFIG' -> ''
from /data/ssd1/yudongyang/xiaodiwang/High-Precision-Congestion-Control/simulation: Could not find the program pkg-config
----------------------------------------------------------------------------------------------------------------------------------------------
Checking for compilation flag -Wno-error=deprecated-d... support
==>
#include <stdio.h>
int main() { return 0; }

<==
[1/2] [32mc: build/.conf_check_d8a2c40aecfb7c8eac7dd03fcbfb1110/test.c -> build/.conf_check_d8a2c40aecfb7c8eac7dd03fcbfb1110/testbuild/test.c.1.o
[0m
['/data/ssd1/yudongyang/software/anaconda3/envs/py27/bin/x86_64-conda_cos6-linux-gnu-cc', '-DNDEBUG', '-D_FORTIFY_SOURCE=2', '-O2', '-march=nocona', '-mtune=haswell', '-ftree-vectorize', '-fPIC', '-fstack-protector-strong', '-O2', '-pipe', '-Wno-error=deprecated-declarations', '-DNS3_ASSERT_ENABLE', '-DNS3_LOG_ENABLE', '-DHAVE_PACKET_H=1', '-DHAVE_IF_TUN_H=1', '../test.c', '-c', '-o', 'test.c.1.o']
[2/2] [33mcprogram: build/.conf_check_d8a2c40aecfb7c8eac7dd03fcbfb1110/testbuild/test.c.1.o -> build/.conf_check_d8a2c40aecfb7c8eac7dd03fcbfb1110/testbuild/testprog
[0m
['/data/ssd1/yudongyang/software/anaconda3/envs/py27/bin/x86_64-conda_cos6-linux-gnu-cc', '-Wl,-O2', '-Wl,--sort-common', '-Wl,--as-needed', '-Wl,-z,relro', '-Wl,-z,now', '-Wl,-O2', '-Wl,--sort-common', '-Wl,--as-needed', '-Wl,-z,relro', '-Wl,-z,now', 'test.c.1.o', '-o', '/data/ssd1/yudongyang/xiaodiwang/High-Precision-Congestion-Control/simulation/build/.conf_check_d8a2c40aecfb7c8eac7dd03fcbfb1110/testbuild/testprog', '-Wl,-Bstatic', '-Wl,-Bdynamic']
ok
----------------------------------------------------------------------------------------------------------------------------------------------
Checking for compilation flag -fstrict-aliasing... support
==>
#include <stdio.h>
int main() { return 0; }

<==
[1/2] [32mc: build/.conf_check_d8a2c40aecfb7c8eac7dd03fcbfb1110/test.c -> build/.conf_check_d8a2c40aecfb7c8eac7dd03fcbfb1110/testbuild/test.c.1.o
[0m
['/data/ssd1/yudongyang/software/anaconda3/envs/py27/bin/x86_64-conda_cos6-linux-gnu-cc', '-DNDEBUG', '-D_FORTIFY_SOURCE=2', '-O2', '-march=nocona', '-mtune=haswell', '-ftree-vectorize', '-fPIC', '-fstack-protector-strong', '-O2', '-pipe', '-fstrict-aliasing', '-DNS3_ASSERT_ENABLE', '-DNS3_LOG_ENABLE', '-DHAVE_PACKET_H=1', '-DHAVE_IF_TUN_H=1', '../test.c', '-c', '-o', 'test.c.1.o']
[2/2] [33mcprogram: build/.conf_check_d8a2c40aecfb7c8eac7dd03fcbfb1110/testbuild/test.c.1.o -> build/.conf_check_d8a2c40aecfb7c8eac7dd03fcbfb1110/testbuild/testprog
[0m
['/data/ssd1/yudongyang/software/anaconda3/envs/py27/bin/x86_64-conda_cos6-linux-gnu-cc', '-Wl,-O2', '-Wl,--sort-common', '-Wl,--as-needed', '-Wl,-z,relro', '-Wl,-z,now', '-Wl,-O2', '-Wl,--sort-common', '-Wl,--as-needed', '-Wl,-z,relro', '-Wl,-z,now', 'test.c.1.o', '-o', '/data/ssd1/yudongyang/xiaodiwang/High-Precision-Congestion-Control/simulation/build/.conf_check_d8a2c40aecfb7c8eac7dd03fcbfb1110/testbuild/testprog', '-Wl,-Bstatic', '-Wl,-Bdynamic']
ok
----------------------------------------------------------------------------------------------------------------------------------------------
Checking for compilation flag -Wstrict-aliasing... support
==>
#include <stdio.h>
int main() { return 0; }

<==
[1/2] [32mc: build/.conf_check_d8a2c40aecfb7c8eac7dd03fcbfb1110/test.c -> build/.conf_check_d8a2c40aecfb7c8eac7dd03fcbfb1110/testbuild/test.c.1.o
[0m
['/data/ssd1/yudongyang/software/anaconda3/envs/py27/bin/x86_64-conda_cos6-linux-gnu-cc', '-DNDEBUG', '-D_FORTIFY_SOURCE=2', '-O2', '-march=nocona', '-mtune=haswell', '-ftree-vectorize', '-fPIC', '-fstack-protector-strong', '-O2', '-pipe', '-Wstrict-aliasing', '-DNS3_ASSERT_ENABLE', '-DNS3_LOG_ENABLE', '-DHAVE_PACKET_H=1', '-DHAVE_IF_TUN_H=1', '../test.c', '-c', '-o', 'test.c.1.o']
[2/2] [33mcprogram: build/.conf_check_d8a2c40aecfb7c8eac7dd03fcbfb1110/testbuild/test.c.1.o -> build/.conf_check_d8a2c40aecfb7c8eac7dd03fcbfb1110/testbuild/testprog
[0m
['/data/ssd1/yudongyang/software/anaconda3/envs/py27/bin/x86_64-conda_cos6-linux-gnu-cc', '-Wl,-O2', '-Wl,--sort-common', '-Wl,--as-needed', '-Wl,-z,relro', '-Wl,-z,now', '-Wl,-O2', '-Wl,--sort-common', '-Wl,--as-needed', '-Wl,-z,relro', '-Wl,-z,now', 'test.c.1.o', '-o', '/data/ssd1/yudongyang/xiaodiwang/High-Precision-Congestion-Control/simulation/build/.conf_check_d8a2c40aecfb7c8eac7dd03fcbfb1110/testbuild/testprog', '-Wl,-Bstatic', '-Wl,-Bdynamic']
ok
----------------------------------------------------------------------------------------------------------------------------------------------
Checking for program doxygen
not found
find program=['doxygen'] paths=['/data/ssd1/yudongyang/software/anaconda3/envs/py27/bin', '/home/yudongyang/bin', '/bin', '/lib', '/data/ssd1/yudongyang/software/anaconda3/condabin', '/usr/local/cuda-12.6/bin', '/usr/local/sbin', '/usr/local/bin', '/usr/sbin', '/usr/bin', '/sbin', '/bin', '/usr/games', '/usr/local/games', '/snap/bin', '/data/ssd1/yudongyang/software/gurobi1200/linux64/bin'] var='DOXYGEN' -> ''
from /data/ssd1/yudongyang/xiaodiwang/High-Precision-Congestion-Control/simulation: Could not find the program doxygen
